2020-03-09 22:59:56,058 trade3.7.6 (v3.7.6:43364a7ae0, Dec 18 2019, 14:18:50) 
[Clang 6.0 (clang-600.0.57)] 
2020-03-09 22:59:56,557 trade 2017-09-11无交易 
2020-03-09 22:59:56,557 002239资产10000.0持仓0 
2020-03-09 22:59:56,558 trade 2017-09-12无交易 
2020-03-09 22:59:56,558 002239资产10000.0持仓0 
2020-03-09 22:59:56,558 trade 2017-09-13无交易 
2020-03-09 22:59:56,559 002239资产10000.0持仓0 
2020-03-09 22:59:56,559 trade 2017-09-14无交易 
2020-03-09 22:59:56,559 002239资产10000.0持仓0 
2020-03-09 22:59:56,559 trade 2017-09-15无交易 
2020-03-09 22:59:56,560 002239资产10000.0持仓0 
2020-03-09 22:59:56,560 trade 2017-09-18无交易 
2020-03-09 22:59:56,560 002239资产10000.0持仓0 
2020-03-09 22:59:56,561 trade 2017-09-19无交易 
2020-03-09 22:59:56,561 002239资产10000.0持仓0 
2020-03-09 22:59:56,561 trade 2017-09-20无交易 
2020-03-09 22:59:56,562 002239资产10000.0持仓0 
2020-03-09 22:59:56,562 trade 2017-09-21无交易 
2020-03-09 22:59:56,562 002239资产10000.0持仓0 
2020-03-09 22:59:56,562 trade 2017-09-22无交易 
2020-03-09 22:59:56,563 002239资产10000.0持仓0 
2020-03-09 22:59:56,563 trade 2017-09-25无交易 
2020-03-09 22:59:56,563 002239资产10000.0持仓0 
2020-03-09 22:59:56,563 trade 2017-09-26无交易 
2020-03-09 22:59:56,564 002239资产10000.0持仓0 
2020-03-09 22:59:56,564 trade 2017-09-27无交易 
2020-03-09 22:59:56,564 002239资产10000.0持仓0 
2020-03-09 22:59:56,565 trade 2017-09-28无交易 
2020-03-09 22:59:56,565 002239资产10000.0持仓0 
2020-03-09 22:59:56,565 trade 2017-09-29无交易 
2020-03-09 22:59:56,565 002239资产10000.0持仓0 
2020-03-09 22:59:56,566 trade 2017-10-09无交易 
2020-03-09 22:59:56,566 002239资产10000.0持仓0 
2020-03-09 22:59:56,567 trade 2017-10-10无交易 
2020-03-09 22:59:56,567 002239资产10000.0持仓0 
2020-03-09 22:59:56,567 trade 2017-10-11无交易 
2020-03-09 22:59:56,567 002239资产10000.0持仓0 
2020-03-09 22:59:56,568 trade 2017-10-12无交易 
2020-03-09 22:59:56,568 002239资产10000.0持仓0 
2020-03-09 22:59:56,569 trade 2017-10-13无交易 
2020-03-09 22:59:56,569 002239资产10000.0持仓0 
2020-03-09 22:59:56,569 trade 2017-10-16无交易 
2020-03-09 22:59:56,569 002239资产10000.0持仓0 
2020-03-09 22:59:56,570 trade 2017-10-17无交易 
2020-03-09 22:59:56,570 002239资产10000.0持仓0 
2020-03-09 22:59:56,570 trade 2017-10-18无交易 
2020-03-09 22:59:56,571 002239资产10000.0持仓0 
2020-03-09 22:59:56,571 trade 2017-10-19无交易 
2020-03-09 22:59:56,571 002239资产10000.0持仓0 
2020-03-09 22:59:56,571 trade 2017-10-20无交易 
2020-03-09 22:59:56,572 002239资产10000.0持仓0 
2020-03-09 22:59:56,572 trade 2017-10-23无交易 
2020-03-09 22:59:56,572 002239资产10000.0持仓0 
2020-03-09 22:59:56,573 trade 2017-10-24无交易 
2020-03-09 22:59:56,573 002239资产10000.0持仓0 
2020-03-09 22:59:56,573 trade 2017-10-25无交易 
2020-03-09 22:59:56,574 002239资产10000.0持仓0 
2020-03-09 22:59:56,574 trade 2017-10-26无交易 
2020-03-09 22:59:56,574 002239资产10000.0持仓0 
2020-03-09 22:59:56,575 trade 2017-10-27无交易 
2020-03-09 22:59:56,575 002239资产10000.0持仓0 
2020-03-09 22:59:56,575 trade 2017-10-30无交易 
2020-03-09 22:59:56,576 002239资产10000.0持仓0 
2020-03-09 22:59:56,576 trade 2017-10-31无交易 
2020-03-09 22:59:56,576 002239资产10000.0持仓0 
2020-03-09 22:59:56,577 trade 2017-11-01无交易 
2020-03-09 22:59:56,577 002239资产10000.0持仓0 
2020-03-09 22:59:56,577 trade sell 2017-11-02 4.06 store is zero.  
2020-03-09 22:59:56,578 002239资产10000.0持仓0 
2020-03-09 22:59:56,578 trade sell 2017-11-03 4.07 store is zero.  
2020-03-09 22:59:56,578 002239资产10000.0持仓0 
2020-03-09 22:59:56,579 trade sell 2017-11-06 4.1 store is zero.  
2020-03-09 22:59:56,579 002239资产10000.0持仓0 
2020-03-09 22:59:56,579 trade 2017-11-07无交易 
2020-03-09 22:59:56,579 002239资产10000.0持仓0 
2020-03-09 22:59:56,580 trade 2017-11-08无交易 
2020-03-09 22:59:56,580 002239资产10000.0持仓0 
2020-03-09 22:59:56,580 trade 2017-11-09无交易 
2020-03-09 22:59:56,581 002239资产10000.0持仓0 
2020-03-09 22:59:56,581 trade 2017-11-10无交易 
2020-03-09 22:59:56,581 002239资产10000.0持仓0 
2020-03-09 22:59:56,581 trade 2017-11-13无交易 
2020-03-09 22:59:56,582 002239资产10000.0持仓0 
2020-03-09 22:59:56,582 trade 2017-11-14无交易 
2020-03-09 22:59:56,582 002239资产10000.0持仓0 
2020-03-09 22:59:56,583 trade 2017-11-15无交易 
2020-03-09 22:59:56,583 002239资产10000.0持仓0 
2020-03-09 22:59:56,583 trade 2017-11-16无交易 
2020-03-09 22:59:56,583 002239资产10000.0持仓0 
2020-03-09 22:59:56,584 trade 2017-11-17无交易 
2020-03-09 22:59:56,584 002239资产10000.0持仓0 
2020-03-09 22:59:56,584 trade 2017-11-20无交易 
2020-03-09 22:59:56,585 002239资产10000.0持仓0 
2020-03-09 22:59:56,585 trade 2017-11-21无交易 
2020-03-09 22:59:56,585 002239资产10000.0持仓0 
2020-03-09 22:59:56,586 trade 2017-11-22无交易 
2020-03-09 22:59:56,586 002239资产10000.0持仓0 
2020-03-09 22:59:56,586 trade 2017-11-23无交易 
2020-03-09 22:59:56,586 002239资产10000.0持仓0 
2020-03-09 22:59:56,587 trade 2017-11-24无交易 
2020-03-09 22:59:56,587 002239资产10000.0持仓0 
2020-03-09 22:59:56,587 trade 2017-11-27无交易 
2020-03-09 22:59:56,588 002239资产10000.0持仓0 
2020-03-09 22:59:56,588 trade 2017-11-28无交易 
2020-03-09 22:59:56,588 002239资产10000.0持仓0 
2020-03-09 22:59:56,589 trade 2017-11-29无交易 
2020-03-09 22:59:56,589 002239资产10000.0持仓0 
2020-03-09 22:59:56,590 trade 2017-11-30无交易 
2020-03-09 22:59:56,590 002239资产10000.0持仓0 
2020-03-09 22:59:56,590 trade 2017-12-01无交易 
2020-03-09 22:59:56,591 002239资产10000.0持仓0 
2020-03-09 22:59:56,591 trade 2017-12-04无交易 
2020-03-09 22:59:56,591 002239资产10000.0持仓0 
2020-03-09 22:59:56,591 trade sell 2017-12-05 3.71 store is zero.  
2020-03-09 22:59:56,592 002239资产10000.0持仓0 
2020-03-09 22:59:56,592 trade sell 2017-12-06 3.76 store is zero.  
2020-03-09 22:59:56,592 002239资产10000.0持仓0 
2020-03-09 22:59:56,593 trade sell 2017-12-07 3.81 store is zero.  
2020-03-09 22:59:56,593 002239资产10000.0持仓0 
2020-03-09 22:59:56,593 trade 2017-12-08无交易 
2020-03-09 22:59:56,593 002239资产10000.0持仓0 
2020-03-09 22:59:56,594 trade 2017-12-11无交易 
2020-03-09 22:59:56,594 002239资产10000.0持仓0 
2020-03-09 22:59:56,594 trade 2017-12-12无交易 
2020-03-09 22:59:56,595 002239资产10000.0持仓0 
2020-03-09 22:59:56,595 trade 2017-12-13无交易 
2020-03-09 22:59:56,595 002239资产10000.0持仓0 
2020-03-09 22:59:56,595 trade 2017-12-14无交易 
2020-03-09 22:59:56,596 002239资产10000.0持仓0 
2020-03-09 22:59:56,596 trade 2017-12-15无交易 
2020-03-09 22:59:56,596 002239资产10000.0持仓0 
2020-03-09 22:59:56,596 trade 2017-12-18无交易 
2020-03-09 22:59:56,597 002239资产10000.0持仓0 
2020-03-09 22:59:56,597 trade 2017-12-19无交易 
2020-03-09 22:59:56,597 002239资产10000.0持仓0 
2020-03-09 22:59:56,598 trade 2017-12-20无交易 
2020-03-09 22:59:56,598 002239资产10000.0持仓0 
2020-03-09 22:59:56,598 trade 2017-12-21无交易 
2020-03-09 22:59:56,598 002239资产10000.0持仓0 
2020-03-09 22:59:56,599 trade 2017-12-22无交易 
2020-03-09 22:59:56,599 002239资产10000.0持仓0 
2020-03-09 22:59:56,599 trade 2017-12-25无交易 
2020-03-09 22:59:56,600 002239资产10000.0持仓0 
2020-03-09 22:59:56,601 trade 2017-12-26无交易 
2020-03-09 22:59:56,601 002239资产10000.0持仓0 
2020-03-09 22:59:56,602 trade 2017-12-27无交易 
2020-03-09 22:59:56,602 002239资产10000.0持仓0 
2020-03-09 22:59:56,603 trade 2017-12-28无交易 
2020-03-09 22:59:56,603 002239资产10000.0持仓0 
2020-03-09 22:59:56,603 trade 2017-12-29无交易 
2020-03-09 22:59:56,604 002239资产10000.0持仓0 
2020-03-09 22:59:56,604 trade 2018-01-02无交易 
2020-03-09 22:59:56,604 002239资产10000.0持仓0 
2020-03-09 22:59:56,605 trade 2018-01-03无交易 
2020-03-09 22:59:56,605 002239资产10000.0持仓0 
2020-03-09 22:59:56,606 trade 2018-01-04无交易 
2020-03-09 22:59:56,606 002239资产10000.0持仓0 
2020-03-09 22:59:56,606 trade 2018-01-05无交易 
2020-03-09 22:59:56,607 002239资产10000.0持仓0 
2020-03-09 22:59:56,607 trade 2018-01-08无交易 
2020-03-09 22:59:56,607 002239资产10000.0持仓0 
2020-03-09 22:59:56,607 trade:  buy 2018-01-09 4.02 OK  
2020-03-09 22:59:56,608 002239资产10000.0持仓2487.562189054727 
2020-03-09 22:59:56,608 trade:  buy 2018-01-10 3.95 count not allow zero 
2020-03-09 22:59:56,608 002239资产9825.87064676617持仓2487.562189054727 
2020-03-09 22:59:56,609 trade sell 2018-01-11 3.97 OK  
2020-03-09 22:59:56,609 002239资产9875.621890547265持仓0.0 
2020-03-09 22:59:56,609 trade sell 2018-01-12 3.93 store is zero.  
2020-03-09 22:59:56,610 002239资产9875.621890547265持仓0.0 
2020-03-09 22:59:56,610 trade sell 2018-01-15 3.86 store is zero.  
2020-03-09 22:59:56,610 002239资产9875.621890547265持仓0.0 
2020-03-09 22:59:56,610 trade sell 2018-01-16 3.87 store is zero.  
2020-03-09 22:59:56,611 002239资产9875.621890547265持仓0.0 
2020-03-09 22:59:56,611 trade sell 2018-01-17 3.85 store is zero.  
2020-03-09 22:59:56,612 002239资产9875.621890547265持仓0.0 
2020-03-09 22:59:56,612 trade sell 2018-01-18 3.84 store is zero.  
2020-03-09 22:59:56,612 002239资产9875.621890547265持仓0.0 
2020-03-09 22:59:56,612 trade sell 2018-01-19 3.84 store is zero.  
2020-03-09 22:59:56,613 002239资产9875.621890547265持仓0.0 
2020-03-09 22:59:56,613 trade sell 2018-01-22 3.84 store is zero.  
2020-03-09 22:59:56,613 002239资产9875.621890547265持仓0.0 
2020-03-09 22:59:56,614 trade sell 2018-01-23 3.85 store is zero.  
2020-03-09 22:59:56,614 002239资产9875.621890547265持仓0.0 
2020-03-09 22:59:56,614 trade sell 2018-01-24 3.84 store is zero.  
2020-03-09 22:59:56,614 002239资产9875.621890547265持仓0.0 
2020-03-09 22:59:56,615 trade sell 2018-01-25 3.89 store is zero.  
2020-03-09 22:59:56,615 002239资产9875.621890547265持仓0.0 
2020-03-09 22:59:56,615 trade sell 2018-01-26 3.91 store is zero.  
2020-03-09 22:59:56,616 002239资产9875.621890547265持仓0.0 
2020-03-09 22:59:56,616 trade sell 2018-01-29 3.85 store is zero.  
2020-03-09 22:59:56,616 002239资产9875.621890547265持仓0.0 
2020-03-09 22:59:56,617 trade sell 2018-01-30 3.83 store is zero.  
2020-03-09 22:59:56,617 002239资产9875.621890547265持仓0.0 
2020-03-09 22:59:56,617 trade sell 2018-01-31 3.73 store is zero.  
2020-03-09 22:59:56,618 002239资产9875.621890547265持仓0.0 
2020-03-09 22:59:56,618 trade sell 2018-02-01 3.64 store is zero.  
2020-03-09 22:59:56,618 002239资产9875.621890547265持仓0.0 
2020-03-09 22:59:56,618 trade sell 2018-02-02 3.8 store is zero.  
2020-03-09 22:59:56,619 002239资产9875.621890547265持仓0.0 
2020-03-09 22:59:56,619 trade sell 2018-02-05 3.79 store is zero.  
2020-03-09 22:59:56,619 002239资产9875.621890547265持仓0.0 
2020-03-09 22:59:56,620 trade sell 2018-02-06 3.69 store is zero.  
2020-03-09 22:59:56,620 002239资产9875.621890547265持仓0.0 
2020-03-09 22:59:56,620 trade sell 2018-02-07 3.71 store is zero.  
2020-03-09 22:59:56,621 002239资产9875.621890547265持仓0.0 
2020-03-09 22:59:56,621 trade sell 2018-02-08 3.7 store is zero.  
2020-03-09 22:59:56,621 002239资产9875.621890547265持仓0.0 
2020-03-09 22:59:56,622 trade sell 2018-02-09 3.59 store is zero.  
2020-03-09 22:59:56,622 002239资产9875.621890547265持仓0.0 
2020-03-09 22:59:56,622 trade sell 2018-02-12 3.64 store is zero.  
2020-03-09 22:59:56,623 002239资产9875.621890547265持仓0.0 
2020-03-09 22:59:56,623 trade sell 2018-02-13 3.64 store is zero.  
2020-03-09 22:59:56,624 002239资产9875.621890547265持仓0.0 
2020-03-09 22:59:56,624 trade sell 2018-02-14 3.63 store is zero.  
2020-03-09 22:59:56,624 002239资产9875.621890547265持仓0.0 
2020-03-09 22:59:56,625 trade sell 2018-02-22 3.68 store is zero.  
2020-03-09 22:59:56,625 002239资产9875.621890547265持仓0.0 
2020-03-09 22:59:56,625 trade 2018-02-23无交易 
2020-03-09 22:59:56,625 002239资产9875.621890547265持仓0.0 
2020-03-09 22:59:56,626 trade 2018-02-26无交易 
2020-03-09 22:59:56,626 002239资产9875.621890547265持仓0.0 
2020-03-09 22:59:56,626 trade 2018-02-27无交易 
2020-03-09 22:59:56,627 002239资产9875.621890547265持仓0.0 
2020-03-09 22:59:56,627 trade 2018-02-28无交易 
2020-03-09 22:59:56,627 002239资产9875.621890547265持仓0.0 
2020-03-09 22:59:56,627 trade 2018-03-01无交易 
2020-03-09 22:59:56,628 002239资产9875.621890547265持仓0.0 
2020-03-09 22:59:56,628 trade 2018-03-02无交易 
2020-03-09 22:59:56,628 002239资产9875.621890547265持仓0.0 
2020-03-09 22:59:56,629 trade 2018-03-05无交易 
2020-03-09 22:59:56,629 002239资产9875.621890547265持仓0.0 
2020-03-09 22:59:56,629 trade 2018-03-06无交易 
2020-03-09 22:59:56,629 002239资产9875.621890547265持仓0.0 
2020-03-09 22:59:56,630 trade 2018-03-07无交易 
2020-03-09 22:59:56,630 002239资产9875.621890547265持仓0.0 
2020-03-09 22:59:56,630 trade 2018-03-08无交易 
2020-03-09 22:59:56,630 002239资产9875.621890547265持仓0.0 
2020-03-09 22:59:56,631 trade 2018-03-09无交易 
2020-03-09 22:59:56,631 002239资产9875.621890547265持仓0.0 
2020-03-09 22:59:56,631 trade 2018-03-12无交易 
2020-03-09 22:59:56,631 002239资产9875.621890547265持仓0.0 
2020-03-09 22:59:56,632 trade 2018-03-13无交易 
2020-03-09 22:59:56,632 002239资产9875.621890547265持仓0.0 
2020-03-09 22:59:56,633 trade 2018-03-14无交易 
2020-03-09 22:59:56,634 002239资产9875.621890547265持仓0.0 
2020-03-09 22:59:56,634 trade 2018-03-15无交易 
2020-03-09 22:59:56,634 002239资产9875.621890547265持仓0.0 
2020-03-09 22:59:56,635 trade 2018-03-16无交易 
2020-03-09 22:59:56,635 002239资产9875.621890547265持仓0.0 
2020-03-09 22:59:56,635 trade 2018-03-19无交易 
2020-03-09 22:59:56,636 002239资产9875.621890547265持仓0.0 
2020-03-09 22:59:56,636 trade 2018-03-20无交易 
2020-03-09 22:59:56,636 002239资产9875.621890547265持仓0.0 
2020-03-09 22:59:56,637 trade:  buy 2018-03-21 3.78 OK  
2020-03-09 22:59:56,637 002239资产9875.621890547265持仓2612.598383742663 
2020-03-09 22:59:56,637 trade:  buy 2018-03-22 3.74 count not allow zero 
2020-03-09 22:59:56,637 002239资产9771.11795519756持仓2612.598383742663 
2020-03-09 22:59:56,638 trade sell 2018-03-23 3.43 OK  
2020-03-09 22:59:56,638 002239资产8961.212456237334持仓0.0 
2020-03-09 22:59:56,638 trade sell 2018-03-26 3.47 store is zero.  
2020-03-09 22:59:56,639 002239资产8961.212456237334持仓0.0 
2020-03-09 22:59:56,639 trade sell 2018-03-27 3.57 store is zero.  
2020-03-09 22:59:56,639 002239资产8961.212456237334持仓0.0 
2020-03-09 22:59:56,640 trade sell 2018-03-28 3.53 store is zero.  
2020-03-09 22:59:56,640 002239资产8961.212456237334持仓0.0 
2020-03-09 22:59:56,640 trade sell 2018-03-29 3.55 store is zero.  
2020-03-09 22:59:56,641 002239资产8961.212456237334持仓0.0 
2020-03-09 22:59:56,641 trade sell 2018-03-30 3.63 store is zero.  
2020-03-09 22:59:56,641 002239资产8961.212456237334持仓0.0 
2020-03-09 22:59:56,642 trade sell 2018-08-31 3.26 store is zero.  
2020-03-09 22:59:56,642 002239资产8961.212456237334持仓0.0 
2020-03-09 22:59:56,642 trade sell 2018-09-03 2.93 store is zero.  
2020-03-09 22:59:56,642 002239资产8961.212456237334持仓0.0 
2020-03-09 22:59:56,643 trade sell 2018-09-04 2.64 store is zero.  
2020-03-09 22:59:56,643 002239资产8961.212456237334持仓0.0 
2020-03-09 22:59:56,643 trade sell 2018-09-05 2.61 store is zero.  
2020-03-09 22:59:56,644 002239资产8961.212456237334持仓0.0 
2020-03-09 22:59:56,644 trade sell 2018-09-06 2.44 store is zero.  
2020-03-09 22:59:56,644 002239资产8961.212456237334持仓0.0 
2020-03-09 22:59:56,645 trade sell 2018-09-07 2.5 store is zero.  
2020-03-09 22:59:56,645 002239资产8961.212456237334持仓0.0 
2020-03-09 22:59:56,645 trade sell 2018-09-10 2.4 store is zero.  
2020-03-09 22:59:56,646 002239资产8961.212456237334持仓0.0 
2020-03-09 22:59:56,646 trade sell 2018-09-11 2.34 store is zero.  
2020-03-09 22:59:56,646 002239资产8961.212456237334持仓0.0 
2020-03-09 22:59:56,646 trade sell 2018-09-12 2.28 store is zero.  
2020-03-09 22:59:56,647 002239资产8961.212456237334持仓0.0 
2020-03-09 22:59:56,647 trade sell 2018-09-13 2.3 store is zero.  
2020-03-09 22:59:56,647 002239资产8961.212456237334持仓0.0 
2020-03-09 22:59:56,648 trade sell 2018-09-14 2.53 store is zero.  
2020-03-09 22:59:56,648 002239资产8961.212456237334持仓0.0 
2020-03-09 22:59:56,648 trade sell 2018-09-17 2.65 store is zero.  
2020-03-09 22:59:56,648 002239资产8961.212456237334持仓0.0 
2020-03-09 22:59:56,649 trade sell 2018-09-18 2.55 store is zero.  
2020-03-09 22:59:56,649 002239资产8961.212456237334持仓0.0 
2020-03-09 22:59:56,649 trade 2018-09-19无交易 
2020-03-09 22:59:56,650 002239资产8961.212456237334持仓0.0 
2020-03-09 22:59:56,650 trade 2018-09-20无交易 
2020-03-09 22:59:56,650 002239资产8961.212456237334持仓0.0 
2020-03-09 22:59:56,650 trade 2018-09-21无交易 
2020-03-09 22:59:56,651 002239资产8961.212456237334持仓0.0 
2020-03-09 22:59:56,651 trade 2018-09-25无交易 
2020-03-09 22:59:56,651 002239资产8961.212456237334持仓0.0 
2020-03-09 22:59:56,651 trade 2018-09-26无交易 
2020-03-09 22:59:56,652 002239资产8961.212456237334持仓0.0 
2020-03-09 22:59:56,652 trade 2018-09-27无交易 
2020-03-09 22:59:56,652 002239资产8961.212456237334持仓0.0 
2020-03-09 22:59:56,653 trade 2018-09-28无交易 
2020-03-09 22:59:56,653 002239资产8961.212456237334持仓0.0 
2020-03-09 22:59:56,653 trade 2018-10-08无交易 
2020-03-09 22:59:56,653 002239资产8961.212456237334持仓0.0 
2020-03-09 22:59:56,654 trade 2018-10-09无交易 
2020-03-09 22:59:56,654 002239资产8961.212456237334持仓0.0 
2020-03-09 22:59:56,654 trade 2018-10-10无交易 
2020-03-09 22:59:56,655 002239资产8961.212456237334持仓0.0 
2020-03-09 22:59:56,655 trade 2018-10-11无交易 
2020-03-09 22:59:56,656 002239资产8961.212456237334持仓0.0 
2020-03-09 22:59:56,656 trade 2018-10-12无交易 
2020-03-09 22:59:56,657 002239资产8961.212456237334持仓0.0 
2020-03-09 22:59:56,657 trade sell 2018-10-15 1.96 store is zero.  
2020-03-09 22:59:56,657 002239资产8961.212456237334持仓0.0 
2020-03-09 22:59:56,658 trade sell 2018-10-16 1.94 store is zero.  
2020-03-09 22:59:56,658 002239资产8961.212456237334持仓0.0 
2020-03-09 22:59:56,658 trade sell 2018-10-17 1.96 store is zero.  
2020-03-09 22:59:56,659 002239资产8961.212456237334持仓0.0 
2020-03-09 22:59:56,659 trade sell 2018-10-18 1.83 store is zero.  
2020-03-09 22:59:56,659 002239资产8961.212456237334持仓0.0 
2020-03-09 22:59:56,659 trade sell 2018-10-19 1.84 store is zero.  
2020-03-09 22:59:56,660 002239资产8961.212456237334持仓0.0 
2020-03-09 22:59:56,660 trade 2018-10-22无交易 
2020-03-09 22:59:56,660 002239资产8961.212456237334持仓0.0 
2020-03-09 22:59:56,661 trade 2018-10-23无交易 
2020-03-09 22:59:56,661 002239资产8961.212456237334持仓0.0 
2020-03-09 22:59:56,661 trade 2018-10-24无交易 
2020-03-09 22:59:56,661 002239资产8961.212456237334持仓0.0 
2020-03-09 22:59:56,662 trade 2018-10-25无交易 
2020-03-09 22:59:56,662 002239资产8961.212456237334持仓0.0 
2020-03-09 22:59:56,662 trade 2018-10-26无交易 
2020-03-09 22:59:56,663 002239资产8961.212456237334持仓0.0 
2020-03-09 22:59:56,663 trade 2018-10-29无交易 
2020-03-09 22:59:56,663 002239资产8961.212456237334持仓0.0 
2020-03-09 22:59:56,663 trade 2018-10-30无交易 
2020-03-09 22:59:56,664 002239资产8961.212456237334持仓0.0 
2020-03-09 22:59:56,664 trade 2018-10-31无交易 
2020-03-09 22:59:56,664 002239资产8961.212456237334持仓0.0 
2020-03-09 22:59:56,664 trade 2018-11-01无交易 
2020-03-09 22:59:56,665 002239资产8961.212456237334持仓0.0 
2020-03-09 22:59:56,665 trade 2018-11-02无交易 
2020-03-09 22:59:56,665 002239资产8961.212456237334持仓0.0 
2020-03-09 22:59:56,666 trade 2018-11-05无交易 
2020-03-09 22:59:56,667 002239资产8961.212456237334持仓0.0 
2020-03-09 22:59:56,667 trade 2018-11-06无交易 
2020-03-09 22:59:56,667 002239资产8961.212456237334持仓0.0 
2020-03-09 22:59:56,668 trade 2018-11-07无交易 
2020-03-09 22:59:56,668 002239资产8961.212456237334持仓0.0 
2020-03-09 22:59:56,668 trade 2018-11-08无交易 
2020-03-09 22:59:56,669 002239资产8961.212456237334持仓0.0 
2020-03-09 22:59:56,669 trade 2018-11-09无交易 
2020-03-09 22:59:56,669 002239资产8961.212456237334持仓0.0 
2020-03-09 22:59:56,669 trade 2018-11-12无交易 
2020-03-09 22:59:56,670 002239资产8961.212456237334持仓0.0 
2020-03-09 22:59:56,670 trade 2018-11-13无交易 
2020-03-09 22:59:56,670 002239资产8961.212456237334持仓0.0 
2020-03-09 22:59:56,671 trade 2018-11-14无交易 
2020-03-09 22:59:56,671 002239资产8961.212456237334持仓0.0 
2020-03-09 22:59:56,672 trade 2018-11-15无交易 
2020-03-09 22:59:56,672 002239资产8961.212456237334持仓0.0 
2020-03-09 22:59:56,673 trade 2018-11-16无交易 
2020-03-09 22:59:56,673 002239资产8961.212456237334持仓0.0 
2020-03-09 22:59:56,673 trade 2018-11-19无交易 
2020-03-09 22:59:56,674 002239资产8961.212456237334持仓0.0 
2020-03-09 22:59:56,674 trade 2018-11-20无交易 
2020-03-09 22:59:56,674 002239资产8961.212456237334持仓0.0 
2020-03-09 22:59:56,675 trade 2018-11-21无交易 
2020-03-09 22:59:56,675 002239资产8961.212456237334持仓0.0 
2020-03-09 22:59:56,675 trade:  buy 2018-11-22 2.43 OK  
2020-03-09 22:59:56,676 002239资产8961.212456237334持仓3687.741751537997 
2020-03-09 22:59:56,676 trade:  buy 2018-11-23 2.26 count not allow zero 
2020-03-09 22:59:56,676 002239资产8334.296358475873持仓3687.741751537997 
2020-03-09 22:59:56,677 trade:  buy 2018-11-26 2.22 count not allow zero 
2020-03-09 22:59:56,677 002239资产8186.786688414354持仓3687.741751537997 
2020-03-09 22:59:56,677 trade:  buy 2018-11-27 2.22 count not allow zero 
2020-03-09 22:59:56,677 002239资产8186.786688414354持仓3687.741751537997 
2020-03-09 22:59:56,678 trade:  buy 2018-11-28 2.26 count not allow zero 
2020-03-09 22:59:56,678 002239资产8334.296358475873持仓3687.741751537997 
2020-03-09 22:59:56,678 trade sell 2018-11-29 2.18 OK  
2020-03-09 22:59:56,679 002239资产8039.277018352835持仓0.0 
2020-03-09 22:59:56,679 trade sell 2018-11-30 2.22 store is zero.  
2020-03-09 22:59:56,679 002239资产8039.277018352835持仓0.0 
2020-03-09 22:59:56,680 trade sell 2018-12-03 2.32 store is zero.  
2020-03-09 22:59:56,680 002239资产8039.277018352835持仓0.0 
2020-03-09 22:59:56,680 trade:  buy 2018-12-04 2.38 OK  
2020-03-09 22:59:56,681 002239资产8039.277018352835持仓3377.8474867028717 
2020-03-09 22:59:56,681 trade:  buy 2018-12-05 2.33 count not allow zero 
2020-03-09 22:59:56,681 002239资产7870.384644017691持仓3377.8474867028717 
2020-03-09 22:59:56,681 trade:  buy 2018-12-06 2.26 count not allow zero 
2020-03-09 22:59:56,682 002239资产7633.935319948489持仓3377.8474867028717 
2020-03-09 22:59:56,682 trade sell 2018-12-07 2.26 OK  
2020-03-09 22:59:56,682 002239资产7633.935319948489持仓0.0 
2020-03-09 22:59:56,683 trade sell 2018-12-10 2.23 store is zero.  
2020-03-09 22:59:56,683 002239资产7633.935319948489持仓0.0 
2020-03-09 22:59:56,683 trade sell 2018-12-11 2.24 store is zero.  
2020-03-09 22:59:56,684 002239资产7633.935319948489持仓0.0 
2020-03-09 22:59:56,684 trade:  buy 2018-12-12 2.35 OK  
2020-03-09 22:59:56,684 002239资产7633.935319948489持仓3248.4831148716976 
2020-03-09 22:59:56,684 trade:  buy 2018-12-13 2.32 count not allow zero 
2020-03-09 22:59:56,685 002239资产7536.480826502338持仓3248.4831148716976 
2020-03-09 22:59:56,685 trade sell 2018-12-14 2.2 OK  
2020-03-09 22:59:56,685 002239资产7146.662852717735持仓0.0 
2020-03-09 22:59:56,686 trade sell 2018-12-17 2.21 store is zero.  
2020-03-09 22:59:56,686 002239资产7146.662852717735持仓0.0 
2020-03-09 22:59:56,686 trade sell 2018-12-18 2.22 store is zero.  
2020-03-09 22:59:56,686 002239资产7146.662852717735持仓0.0 
2020-03-09 22:59:56,687 trade sell 2018-12-19 2.2 store is zero.  
2020-03-09 22:59:56,687 002239资产7146.662852717735持仓0.0 
2020-03-09 22:59:56,687 trade sell 2018-12-20 2.19 store is zero.  
2020-03-09 22:59:56,688 002239资产7146.662852717735持仓0.0 
2020-03-09 22:59:56,688 trade sell 2018-12-21 2.13 store is zero.  
2020-03-09 22:59:56,688 002239资产7146.662852717735持仓0.0 
2020-03-09 22:59:56,689 trade sell 2018-12-24 2.14 store is zero.  
2020-03-09 22:59:56,689 002239资产7146.662852717735持仓0.0 
2020-03-09 22:59:56,689 trade sell 2018-12-25 2.06 store is zero.  
2020-03-09 22:59:56,690 002239资产7146.662852717735持仓0.0 
2020-03-09 22:59:56,690 trade sell 2018-12-26 2.02 store is zero.  
2020-03-09 22:59:56,690 002239资产7146.662852717735持仓0.0 
2020-03-09 22:59:56,691 trade sell 2018-12-27 1.99 store is zero.  
2020-03-09 22:59:56,691 002239资产7146.662852717735持仓0.0 
2020-03-09 22:59:56,691 trade sell 2018-12-28 2.0 store is zero.  
2020-03-09 22:59:56,692 002239资产7146.662852717735持仓0.0 
2020-03-09 22:59:56,692 trade sell 2019-01-02 1.98 store is zero.  
2020-03-09 22:59:56,692 002239资产7146.662852717735持仓0.0 
2020-03-09 22:59:56,693 trade sell 2019-01-03 1.99 store is zero.  
2020-03-09 22:59:56,693 002239资产7146.662852717735持仓0.0 
2020-03-09 22:59:56,693 trade sell 2019-01-04 2.04 store is zero.  
2020-03-09 22:59:56,693 002239资产7146.662852717735持仓0.0 
2020-03-09 22:59:56,694 trade sell 2019-01-07 2.12 store is zero.  
2020-03-09 22:59:56,694 002239资产7146.662852717735持仓0.0 
2020-03-09 22:59:56,694 trade 2019-01-08无交易 
2020-03-09 22:59:56,695 002239资产7146.662852717735持仓0.0 
2020-03-09 22:59:56,695 trade 2019-01-09无交易 
2020-03-09 22:59:56,695 002239资产7146.662852717735持仓0.0 
2020-03-09 22:59:56,695 trade 2019-01-10无交易 
2020-03-09 22:59:56,696 002239资产7146.662852717735持仓0.0 
2020-03-09 22:59:56,696 trade 2019-01-11无交易 
2020-03-09 22:59:56,696 002239资产7146.662852717735持仓0.0 
2020-03-09 22:59:56,697 trade 2019-01-14无交易 
2020-03-09 22:59:56,697 002239资产7146.662852717735持仓0.0 
2020-03-09 22:59:56,697 trade 2019-01-15无交易 
2020-03-09 22:59:56,697 002239资产7146.662852717735持仓0.0 
2020-03-09 22:59:56,698 trade 2019-01-16无交易 
2020-03-09 22:59:56,698 002239资产7146.662852717735持仓0.0 
2020-03-09 22:59:56,698 trade 2019-01-17无交易 
2020-03-09 22:59:56,699 002239资产7146.662852717735持仓0.0 
2020-03-09 22:59:56,699 trade 2019-01-18无交易 
2020-03-09 22:59:56,700 002239资产7146.662852717735持仓0.0 
2020-03-09 22:59:56,700 trade 2019-01-21无交易 
2020-03-09 22:59:56,700 002239资产7146.662852717735持仓0.0 
2020-03-09 22:59:56,701 trade 2019-01-22无交易 
2020-03-09 22:59:56,701 002239资产7146.662852717735持仓0.0 
2020-03-09 22:59:56,701 trade 2019-01-23无交易 
2020-03-09 22:59:56,702 002239资产7146.662852717735持仓0.0 
2020-03-09 22:59:56,702 trade 2019-01-24无交易 
2020-03-09 22:59:56,702 002239资产7146.662852717735持仓0.0 
2020-03-09 22:59:56,703 trade 2019-01-25无交易 
2020-03-09 22:59:56,703 002239资产7146.662852717735持仓0.0 
2020-03-09 22:59:56,703 trade sell 2019-01-28 2.08 store is zero.  
2020-03-09 22:59:56,704 002239资产7146.662852717735持仓0.0 
2020-03-09 22:59:56,704 trade sell 2019-01-29 2.02 store is zero.  
2020-03-09 22:59:56,704 002239资产7146.662852717735持仓0.0 
2020-03-09 22:59:56,705 trade sell 2019-01-30 1.98 store is zero.  
2020-03-09 22:59:56,705 002239资产7146.662852717735持仓0.0 
2020-03-09 22:59:56,705 trade sell 2019-01-31 1.89 store is zero.  
2020-03-09 22:59:56,705 002239资产7146.662852717735持仓0.0 
2020-03-09 22:59:56,706 trade sell 2019-02-01 1.99 store is zero.  
2020-03-09 22:59:56,706 002239资产7146.662852717735持仓0.0 
2020-03-09 22:59:56,707 trade sell 2019-02-11 2.05 store is zero.  
2020-03-09 22:59:56,707 002239资产7146.662852717735持仓0.0 
2020-03-09 22:59:56,707 trade sell 2019-02-12 2.08 store is zero.  
2020-03-09 22:59:56,707 002239资产7146.662852717735持仓0.0 
2020-03-09 22:59:56,708 trade 2019-02-13无交易 
2020-03-09 22:59:56,708 002239资产7146.662852717735持仓0.0 
2020-03-09 22:59:56,709 trade 2019-02-14无交易 
2020-03-09 22:59:56,709 002239资产7146.662852717735持仓0.0 
2020-03-09 22:59:56,709 trade 2019-02-15无交易 
2020-03-09 22:59:56,710 002239资产7146.662852717735持仓0.0 
2020-03-09 22:59:56,710 trade 2019-02-18无交易 
2020-03-09 22:59:56,711 002239资产7146.662852717735持仓0.0 
2020-03-09 22:59:56,711 trade 2019-02-19无交易 
2020-03-09 22:59:56,711 002239资产7146.662852717735持仓0.0 
2020-03-09 22:59:56,712 trade 2019-02-20无交易 
2020-03-09 22:59:56,712 002239资产7146.662852717735持仓0.0 
2020-03-09 22:59:56,712 trade 2019-02-21无交易 
2020-03-09 22:59:56,713 002239资产7146.662852717735持仓0.0 
2020-03-09 22:59:56,713 trade:  buy 2019-02-22 2.28 OK  
2020-03-09 22:59:56,713 002239资产7146.662852717735持仓3134.5012511919895 
2020-03-09 22:59:56,714 trade:  buy 2019-02-25 2.41 count not allow zero 
2020-03-09 22:59:56,714 002239资产7554.148015372695持仓3134.5012511919895 
2020-03-09 22:59:56,714 trade:  buy 2019-02-26 2.49 count not allow zero 
2020-03-09 22:59:56,715 002239资产7804.908115468054持仓3134.5012511919895 
2020-03-09 22:59:56,715 trade:  buy 2019-02-27 2.59 count not allow zero 
2020-03-09 22:59:56,715 002239资产8118.358240587252持仓3134.5012511919895 
2020-03-09 22:59:56,716 trade:  buy 2019-02-28 2.51 count not allow zero 
2020-03-09 22:59:56,716 002239资产7867.598140491893持仓3134.5012511919895 
2020-03-09 22:59:56,716 trade:  buy 2019-03-01 2.49 count not allow zero 
2020-03-09 22:59:56,717 002239资产7804.908115468054持仓3134.5012511919895 
2020-03-09 22:59:56,717 trade:  buy 2019-03-04 2.54 count not allow zero 
2020-03-09 22:59:56,717 002239资产7961.633178027653持仓3134.5012511919895 
2020-03-09 22:59:56,718 trade:  buy 2019-03-05 2.79 count not allow zero 
2020-03-09 22:59:56,718 002239资产8745.25849082565持仓3134.5012511919895 
2020-03-09 22:59:56,718 trade:  buy 2019-03-06 2.9 count not allow zero 
2020-03-09 22:59:56,718 002239资产9090.05362845677持仓3134.5012511919895 
2020-03-09 22:59:56,719 trade:  buy 2019-03-07 3.05 count not allow zero 
2020-03-09 22:59:56,719 002239资产9560.228816135568持仓3134.5012511919895 
2020-03-09 22:59:56,719 trade:  buy 2019-03-08 2.87 count not allow zero 
2020-03-09 22:59:56,720 002239资产8996.01859092101持仓3134.5012511919895 
2020-03-09 22:59:56,720 trade:  buy 2019-03-11 2.99 count not allow zero 
2020-03-09 22:59:56,720 002239资产9372.15874106405持仓3134.5012511919895 
2020-03-09 22:59:56,721 trade:  buy 2019-03-12 3.04 count not allow zero 
2020-03-09 22:59:56,721 002239资产9528.883803623648持仓3134.5012511919895 
2020-03-09 22:59:56,722 trade:  buy 2019-03-13 2.89 count not allow zero 
2020-03-09 22:59:56,722 002239资产9058.70861594485持仓3134.5012511919895 
2020-03-09 22:59:56,722 trade:  buy 2019-03-14 2.72 count not allow zero 
2020-03-09 22:59:56,723 002239资产8525.843403242212持仓3134.5012511919895 
2020-03-09 22:59:56,723 trade:  buy 2019-03-15 2.75 count not allow zero 
2020-03-09 22:59:56,723 002239资产8619.878440777971持仓3134.5012511919895 
2020-03-09 22:59:56,724 trade sell 2019-03-18 2.81 OK  
2020-03-09 22:59:56,724 002239资产8807.94851584949持仓0.0 
2020-03-09 22:59:56,724 trade sell 2019-03-19 2.79 store is zero.  
2020-03-09 22:59:56,725 002239资产8807.94851584949持仓0.0 
2020-03-09 22:59:56,725 trade sell 2019-03-20 2.73 store is zero.  
2020-03-09 22:59:56,725 002239资产8807.94851584949持仓0.0 
2020-03-09 22:59:56,725 trade sell 2019-03-21 2.73 store is zero.  
2020-03-09 22:59:56,726 002239资产8807.94851584949持仓0.0 
2020-03-09 22:59:56,726 trade sell 2019-03-22 2.65 store is zero.  
2020-03-09 22:59:56,726 002239资产8807.94851584949持仓0.0 
2020-03-09 22:59:56,727 trade sell 2019-03-25 2.67 store is zero.  
2020-03-09 22:59:56,727 002239资产8807.94851584949持仓0.0 
2020-03-09 22:59:56,727 trade sell 2019-03-26 2.54 store is zero.  
2020-03-09 22:59:56,727 002239资产8807.94851584949持仓0.0 
2020-03-09 22:59:56,728 trade sell 2019-03-27 2.56 store is zero.  
2020-03-09 22:59:56,728 002239资产8807.94851584949持仓0.0 
2020-03-09 22:59:56,728 trade sell 2019-03-28 2.48 store is zero.  
2020-03-09 22:59:56,729 002239资产8807.94851584949持仓0.0 
2020-03-09 22:59:56,729 trade sell 2019-03-29 2.56 store is zero.  
2020-03-09 22:59:56,729 002239资产8807.94851584949持仓0.0 
2020-03-09 22:59:56,729 trade sell 2019-04-01 2.66 store is zero.  
2020-03-09 22:59:56,730 002239资产8807.94851584949持仓0.0 
2020-03-09 22:59:56,730 trade sell 2019-04-02 2.64 store is zero.  
2020-03-09 22:59:56,730 002239资产8807.94851584949持仓0.0 
2020-03-09 22:59:56,730 trade sell 2019-04-03 2.66 store is zero.  
2020-03-09 22:59:56,731 002239资产8807.94851584949持仓0.0 
2020-03-09 22:59:56,731 trade sell 2019-04-04 2.71 store is zero.  
2020-03-09 22:59:56,731 002239资产8807.94851584949持仓0.0 
2020-03-09 22:59:56,732 trade sell 2019-04-08 2.66 store is zero.  
2020-03-09 22:59:56,732 002239资产8807.94851584949持仓0.0 
2020-03-09 22:59:56,732 trade sell 2019-04-09 2.69 store is zero.  
2020-03-09 22:59:56,732 002239资产8807.94851584949持仓0.0 
2020-03-09 22:59:56,733 trade sell 2019-04-10 2.77 store is zero.  
2020-03-09 22:59:56,733 002239资产8807.94851584949持仓0.0 
2020-03-09 22:59:56,733 trade sell 2019-04-11 2.74 store is zero.  
2020-03-09 22:59:56,734 002239资产8807.94851584949持仓0.0 
2020-03-09 22:59:56,734 trade sell 2019-04-12 2.71 store is zero.  
2020-03-09 22:59:56,734 002239资产8807.94851584949持仓0.0 
2020-03-09 22:59:56,734 trade sell 2019-04-15 2.63 store is zero.  
2020-03-09 22:59:56,735 002239资产8807.94851584949持仓0.0 
2020-03-09 22:59:56,735 trade sell 2019-04-16 2.68 store is zero.  
2020-03-09 22:59:56,735 002239资产8807.94851584949持仓0.0 
2020-03-09 22:59:56,736 trade sell 2019-04-17 2.8 store is zero.  
2020-03-09 22:59:56,736 002239资产8807.94851584949持仓0.0 
2020-03-09 22:59:56,736 trade:  buy 2019-04-18 2.75 OK  
2020-03-09 22:59:56,736 002239资产8807.94851584949持仓3202.8903693998145 
2020-03-09 22:59:56,737 trade:  buy 2019-04-19 2.86 count not allow zero 
2020-03-09 22:59:56,737 002239资产9160.266456483469持仓3202.8903693998145 
2020-03-09 22:59:56,737 trade:  buy 2019-04-22 2.78 count not allow zero 
2020-03-09 22:59:56,738 002239资产8904.035226931484持仓3202.8903693998145 
2020-03-09 22:59:56,738 trade sell 2019-04-23 2.65 OK  
2020-03-09 22:59:56,738 002239资产8487.659478909509持仓0.0 
2020-03-09 22:59:56,739 trade sell 2019-04-24 2.7 store is zero.  
2020-03-09 22:59:56,739 002239资产8487.659478909509持仓0.0 
2020-03-09 22:59:56,739 trade sell 2019-04-25 2.5 store is zero.  
2020-03-09 22:59:56,740 002239资产8487.659478909509持仓0.0 
2020-03-09 22:59:56,740 trade sell 2019-04-26 2.4 store is zero.  
2020-03-09 22:59:56,740 002239资产8487.659478909509持仓0.0 
2020-03-09 22:59:56,741 trade sell 2019-04-29 2.28 store is zero.  
2020-03-09 22:59:56,741 002239资产8487.659478909509持仓0.0 
2020-03-09 22:59:56,741 trade sell 2019-04-30 2.33 store is zero.  
2020-03-09 22:59:56,742 002239资产8487.659478909509持仓0.0 
2020-03-09 22:59:56,742 trade sell 2019-05-06 2.11 store is zero.  
2020-03-09 22:59:56,742 002239资产8487.659478909509持仓0.0 
2020-03-09 22:59:56,742 trade sell 2019-05-07 2.15 store is zero.  
2020-03-09 22:59:56,743 002239资产8487.659478909509持仓0.0 
2020-03-09 22:59:56,743 trade sell 2019-05-08 2.16 store is zero.  
2020-03-09 22:59:56,743 002239资产8487.659478909509持仓0.0 
2020-03-09 22:59:56,744 trade sell 2019-05-09 2.13 store is zero.  
2020-03-09 22:59:56,744 002239资产8487.659478909509持仓0.0 
2020-03-09 22:59:56,744 trade sell 2019-05-10 2.21 store is zero.  
2020-03-09 22:59:56,744 002239资产8487.659478909509持仓0.0 
2020-03-09 22:59:56,745 trade sell 2019-05-13 2.16 store is zero.  
2020-03-09 22:59:56,745 002239资产8487.659478909509持仓0.0 
2020-03-09 22:59:56,745 trade sell 2019-05-14 2.13 store is zero.  
2020-03-09 22:59:56,746 002239资产8487.659478909509持仓0.0 
2020-03-09 22:59:56,746 trade sell 2019-05-15 2.17 store is zero.  
2020-03-09 22:59:56,746 002239资产8487.659478909509持仓0.0 
2020-03-09 22:59:56,747 trade sell 2019-05-16 2.2 store is zero.  
2020-03-09 22:59:56,747 002239资产8487.659478909509持仓0.0 
2020-03-09 22:59:56,747 trade sell 2019-05-17 2.09 store is zero.  
2020-03-09 22:59:56,747 002239资产8487.659478909509持仓0.0 
2020-03-09 22:59:56,748 trade sell 2019-05-20 2.05 store is zero.  
2020-03-09 22:59:56,748 002239资产8487.659478909509持仓0.0 
2020-03-09 22:59:56,748 trade sell 2019-05-21 2.07 store is zero.  
2020-03-09 22:59:56,749 002239资产8487.659478909509持仓0.0 
2020-03-09 22:59:56,749 trade sell 2019-05-22 2.03 store is zero.  
2020-03-09 22:59:56,749 002239资产8487.659478909509持仓0.0 
2020-03-09 22:59:56,749 trade sell 2019-05-23 1.98 store is zero.  
2020-03-09 22:59:56,750 002239资产8487.659478909509持仓0.0 
2020-03-09 22:59:56,750 trade sell 2019-05-24 1.99 store is zero.  
2020-03-09 22:59:56,750 002239资产8487.659478909509持仓0.0 
2020-03-09 22:59:56,751 trade sell 2019-05-27 2.03 store is zero.  
2020-03-09 22:59:56,751 002239资产8487.659478909509持仓0.0 
2020-03-09 22:59:56,751 trade 2019-05-28无交易 
2020-03-09 22:59:56,751 002239资产8487.659478909509持仓0.0 
2020-03-09 22:59:56,752 trade 2019-05-29无交易 
2020-03-09 22:59:56,752 002239资产8487.659478909509持仓0.0 
2020-03-09 22:59:56,752 trade 2019-05-30无交易 
2020-03-09 22:59:56,753 002239资产8487.659478909509持仓0.0 
2020-03-09 22:59:56,753 trade 2019-05-31无交易 
2020-03-09 22:59:56,753 002239资产8487.659478909509持仓0.0 
2020-03-09 22:59:56,753 trade 2019-06-03无交易 
2020-03-09 22:59:56,754 002239资产8487.659478909509持仓0.0 
2020-03-09 22:59:56,754 trade 2019-06-04无交易 
2020-03-09 22:59:56,754 002239资产8487.659478909509持仓0.0 
2020-03-09 22:59:56,755 trade 2019-06-05无交易 
2020-03-09 22:59:56,755 002239资产8487.659478909509持仓0.0 
2020-03-09 22:59:56,755 trade 2019-06-06无交易 
2020-03-09 22:59:56,755 002239资产8487.659478909509持仓0.0 
2020-03-09 22:59:56,756 trade 2019-06-10无交易 
2020-03-09 22:59:56,756 002239资产8487.659478909509持仓0.0 
2020-03-09 22:59:56,757 trade 2019-06-11无交易 
2020-03-09 22:59:56,757 002239资产8487.659478909509持仓0.0 
2020-03-09 22:59:56,757 trade 2019-06-12无交易 
2020-03-09 22:59:56,758 002239资产8487.659478909509持仓0.0 
2020-03-09 22:59:56,758 trade 2019-06-13无交易 
2020-03-09 22:59:56,758 002239资产8487.659478909509持仓0.0 
2020-03-09 22:59:56,759 trade 2019-06-14无交易 
2020-03-09 22:59:56,759 002239资产8487.659478909509持仓0.0 
2020-03-09 22:59:56,759 trade 2019-06-17无交易 
2020-03-09 22:59:56,759 002239资产8487.659478909509持仓0.0 
2020-03-09 22:59:56,760 trade 2019-06-18无交易 
2020-03-09 22:59:56,760 002239资产8487.659478909509持仓0.0 
2020-03-09 22:59:56,760 trade 2019-06-19无交易 
2020-03-09 22:59:56,761 002239资产8487.659478909509持仓0.0 
2020-03-09 22:59:56,761 trade 2019-06-20无交易 
2020-03-09 22:59:56,761 002239资产8487.659478909509持仓0.0 
2020-03-09 22:59:56,761 trade 2019-06-21无交易 
2020-03-09 22:59:56,762 002239资产8487.659478909509持仓0.0 
2020-03-09 22:59:56,762 trade 2019-06-24无交易 
2020-03-09 22:59:56,762 002239资产8487.659478909509持仓0.0 
2020-03-09 22:59:56,763 trade 2019-06-25无交易 
2020-03-09 22:59:56,763 002239资产8487.659478909509持仓0.0 
2020-03-09 22:59:56,763 trade 2019-06-26无交易 
2020-03-09 22:59:56,763 002239资产8487.659478909509持仓0.0 
2020-03-09 22:59:56,764 trade 2019-06-27无交易 
2020-03-09 22:59:56,764 002239资产8487.659478909509持仓0.0 
2020-03-09 22:59:56,764 trade 2019-06-28无交易 
2020-03-09 22:59:56,764 002239资产8487.659478909509持仓0.0 
2020-03-09 22:59:56,765 trade 2019-07-01无交易 
2020-03-09 22:59:56,765 002239资产8487.659478909509持仓0.0 
2020-03-09 22:59:56,765 trade 2019-07-02无交易 
2020-03-09 22:59:56,766 002239资产8487.659478909509持仓0.0 
2020-03-09 22:59:56,766 trade 2019-07-03无交易 
2020-03-09 22:59:56,766 002239资产8487.659478909509持仓0.0 
2020-03-09 22:59:56,767 trade 2019-07-04无交易 
2020-03-09 22:59:56,767 002239资产8487.659478909509持仓0.0 
2020-03-09 22:59:56,767 trade 2019-07-05无交易 
2020-03-09 22:59:56,767 002239资产8487.659478909509持仓0.0 
2020-03-09 22:59:56,768 trade 2019-07-08无交易 
2020-03-09 22:59:56,768 002239资产8487.659478909509持仓0.0 
2020-03-09 22:59:56,769 trade sell 2019-07-09 1.87 store is zero.  
2020-03-09 22:59:56,769 002239资产8487.659478909509持仓0.0 
2020-03-09 22:59:56,769 trade sell 2019-07-10 1.85 store is zero.  
2020-03-09 22:59:56,770 002239资产8487.659478909509持仓0.0 
2020-03-09 22:59:56,770 trade sell 2019-07-11 1.85 store is zero.  
2020-03-09 22:59:56,770 002239资产8487.659478909509持仓0.0 
2020-03-09 22:59:56,770 trade sell 2019-07-12 1.83 store is zero.  
2020-03-09 22:59:56,771 002239资产8487.659478909509持仓0.0 
2020-03-09 22:59:56,771 trade sell 2019-07-15 1.83 store is zero.  
2020-03-09 22:59:56,771 002239资产8487.659478909509持仓0.0 
2020-03-09 22:59:56,772 trade sell 2019-07-16 1.81 store is zero.  
2020-03-09 22:59:56,772 002239资产8487.659478909509持仓0.0 
2020-03-09 22:59:56,772 trade sell 2019-07-17 1.82 store is zero.  
2020-03-09 22:59:56,773 002239资产8487.659478909509持仓0.0 
2020-03-09 22:59:56,773 trade sell 2019-07-18 1.79 store is zero.  
2020-03-09 22:59:56,773 002239资产8487.659478909509持仓0.0 
2020-03-09 22:59:56,774 trade sell 2019-07-19 1.81 store is zero.  
2020-03-09 22:59:56,774 002239资产8487.659478909509持仓0.0 
2020-03-09 22:59:56,774 trade sell 2019-07-22 1.79 store is zero.  
2020-03-09 22:59:56,774 002239资产8487.659478909509持仓0.0 
2020-03-09 22:59:56,775 trade sell 2019-07-23 1.8 store is zero.  
2020-03-09 22:59:56,775 002239资产8487.659478909509持仓0.0 
2020-03-09 22:59:56,775 trade 2019-07-24无交易 
2020-03-09 22:59:56,776 002239资产8487.659478909509持仓0.0 
2020-03-09 22:59:56,776 trade 2019-07-25无交易 
2020-03-09 22:59:56,776 002239资产8487.659478909509持仓0.0 
2020-03-09 22:59:56,776 trade 2019-07-26无交易 
2020-03-09 22:59:56,777 002239资产8487.659478909509持仓0.0 
2020-03-09 22:59:56,777 trade 2019-07-29无交易 
2020-03-09 22:59:56,777 002239资产8487.659478909509持仓0.0 
2020-03-09 22:59:56,777 trade 2019-07-30无交易 
2020-03-09 22:59:56,778 002239资产8487.659478909509持仓0.0 
2020-03-09 22:59:56,778 trade 2019-07-31无交易 
2020-03-09 22:59:56,778 002239资产8487.659478909509持仓0.0 
2020-03-09 22:59:56,779 trade 2019-08-01无交易 
2020-03-09 22:59:56,779 002239资产8487.659478909509持仓0.0 
2020-03-09 22:59:56,779 trade 2019-08-02无交易 
2020-03-09 22:59:56,780 002239资产8487.659478909509持仓0.0 
2020-03-09 22:59:56,780 trade 2019-08-05无交易 
2020-03-09 22:59:56,781 002239资产8487.659478909509持仓0.0 
2020-03-09 22:59:56,782 trade sell 2019-08-06 1.68 store is zero.  
2020-03-09 22:59:56,782 002239资产8487.659478909509持仓0.0 
2020-03-09 22:59:56,783 trade sell 2019-08-07 1.67 store is zero.  
2020-03-09 22:59:56,783 002239资产8487.659478909509持仓0.0 
2020-03-09 22:59:56,784 trade sell 2019-08-08 1.67 store is zero.  
2020-03-09 22:59:56,784 002239资产8487.659478909509持仓0.0 
2020-03-09 22:59:56,785 trade sell 2019-08-09 1.66 store is zero.  
2020-03-09 22:59:56,785 002239资产8487.659478909509持仓0.0 
2020-03-09 22:59:56,786 trade sell 2019-08-12 1.67 store is zero.  
2020-03-09 22:59:56,786 002239资产8487.659478909509持仓0.0 
2020-03-09 22:59:56,786 trade sell 2019-08-13 1.62 store is zero.  
2020-03-09 22:59:56,787 002239资产8487.659478909509持仓0.0 
2020-03-09 22:59:56,787 trade sell 2019-08-14 1.63 store is zero.  
2020-03-09 22:59:56,788 002239资产8487.659478909509持仓0.0 
2020-03-09 22:59:56,788 trade sell 2019-08-15 1.62 store is zero.  
2020-03-09 22:59:56,788 002239资产8487.659478909509持仓0.0 
2020-03-09 22:59:56,789 trade sell 2019-08-16 1.61 store is zero.  
2020-03-09 22:59:56,789 002239资产8487.659478909509持仓0.0 
2020-03-09 22:59:56,789 trade sell 2019-08-19 1.66 store is zero.  
2020-03-09 22:59:56,790 002239资产8487.659478909509持仓0.0 
2020-03-09 22:59:56,790 trade 2019-08-20无交易 
2020-03-09 22:59:56,791 002239资产8487.659478909509持仓0.0 
2020-03-09 22:59:56,791 trade 2019-08-21无交易 
2020-03-09 22:59:56,791 002239资产8487.659478909509持仓0.0 
2020-03-09 22:59:56,792 trade 2019-08-22无交易 
2020-03-09 22:59:56,792 002239资产8487.659478909509持仓0.0 
2020-03-09 22:59:56,792 trade 2019-08-23无交易 
2020-03-09 22:59:56,793 002239资产8487.659478909509持仓0.0 
2020-03-09 22:59:56,793 trade 2019-08-26无交易 
2020-03-09 22:59:56,793 002239资产8487.659478909509持仓0.0 
2020-03-09 22:59:56,794 trade 2019-08-27无交易 
2020-03-09 22:59:56,794 002239资产8487.659478909509持仓0.0 
2020-03-09 22:59:56,794 trade 2019-08-28无交易 
2020-03-09 22:59:56,794 002239资产8487.659478909509持仓0.0 
2020-03-09 22:59:56,795 trade 2019-08-29无交易 
2020-03-09 22:59:56,795 002239资产8487.659478909509持仓0.0 
2020-03-09 22:59:56,795 trade 2019-08-30无交易 
2020-03-09 22:59:56,796 002239资产8487.659478909509持仓0.0 
2020-03-09 22:59:56,796 trade 2019-09-02无交易 
2020-03-09 22:59:56,796 002239资产8487.659478909509持仓0.0 
2020-03-09 22:59:56,796 trade 2019-09-03无交易 
2020-03-09 22:59:56,797 002239资产8487.659478909509持仓0.0 
2020-03-09 22:59:56,797 trade 2019-09-04无交易 
2020-03-09 22:59:56,797 002239资产8487.659478909509持仓0.0 
2020-03-09 22:59:56,798 trade:  buy 2019-09-05 1.84 OK  
2020-03-09 22:59:56,798 002239资产8487.659478909509持仓4612.85841245082 
2020-03-09 22:59:56,798 trade:  buy 2019-09-06 1.81 count not allow zero 
2020-03-09 22:59:56,798 002239资产8349.273726535985持仓4612.85841245082 
2020-03-09 22:59:56,799 trade:  buy 2019-09-09 1.84 count not allow zero 
2020-03-09 22:59:56,799 002239资产8487.659478909509持仓4612.85841245082 
2020-03-09 22:59:56,799 trade:  buy 2019-09-10 1.86 count not allow zero 
2020-03-09 22:59:56,800 002239资产8579.916647158525持仓4612.85841245082 
2020-03-09 22:59:56,800 trade:  buy 2019-09-11 1.85 count not allow zero 
2020-03-09 22:59:56,800 002239资产8533.788063034017持仓4612.85841245082 
2020-03-09 22:59:56,800 trade:  buy 2019-09-12 1.85 count not allow zero 
2020-03-09 22:59:56,801 002239资产8533.788063034017持仓4612.85841245082 
2020-03-09 22:59:56,801 trade:  buy 2019-09-16 1.86 count not allow zero 
2020-03-09 22:59:56,801 002239资产8579.916647158525持仓4612.85841245082 
2020-03-09 22:59:56,802 trade:  buy 2019-09-17 1.82 count not allow zero 
2020-03-09 22:59:56,802 002239资产8395.402310660493持仓4612.85841245082 
2020-03-09 22:59:56,803 trade sell 2019-09-18 1.82 OK  
2020-03-09 22:59:56,803 002239资产8395.402310660493持仓0.0 
2020-03-09 22:59:56,803 trade sell 2019-09-19 1.83 store is zero.  
2020-03-09 22:59:56,803 002239资产8395.402310660493持仓0.0 
2020-03-09 22:59:56,804 trade sell 2019-09-20 1.81 store is zero.  
2020-03-09 22:59:56,804 002239资产8395.402310660493持仓0.0 
2020-03-09 22:59:56,804 trade sell 2019-09-23 1.78 store is zero.  
2020-03-09 22:59:56,805 002239资产8395.402310660493持仓0.0 
2020-03-09 22:59:56,805 trade sell 2019-09-24 1.78 store is zero.  
2020-03-09 22:59:56,805 002239资产8395.402310660493持仓0.0 
2020-03-09 22:59:56,806 trade sell 2019-09-25 1.73 store is zero.  
2020-03-09 22:59:56,806 002239资产8395.402310660493持仓0.0 
2020-03-09 22:59:56,806 trade sell 2019-09-26 1.67 store is zero.  
2020-03-09 22:59:56,807 002239资产8395.402310660493持仓0.0 
2020-03-09 22:59:56,807 trade sell 2019-09-27 1.68 store is zero.  
2020-03-09 22:59:56,807 002239资产8395.402310660493持仓0.0 
2020-03-09 22:59:56,808 trade sell 2019-09-30 1.69 store is zero.  
2020-03-09 22:59:56,808 002239资产8395.402310660493持仓0.0 
2020-03-09 22:59:56,808 trade sell 2019-10-08 1.71 store is zero.  
2020-03-09 22:59:56,808 002239资产8395.402310660493持仓0.0 
2020-03-09 22:59:56,809 trade sell 2019-10-09 1.73 store is zero.  
2020-03-09 22:59:56,809 002239资产8395.402310660493持仓0.0 
2020-03-09 22:59:56,809 trade sell 2019-10-10 1.73 store is zero.  
2020-03-09 22:59:56,810 002239资产8395.402310660493持仓0.0 
2020-03-09 22:59:56,810 trade sell 2019-10-11 1.73 store is zero.  
2020-03-09 22:59:56,810 002239资产8395.402310660493持仓0.0 
2020-03-09 22:59:56,810 trade sell 2019-10-14 1.79 store is zero.  
2020-03-09 22:59:56,811 002239资产8395.402310660493持仓0.0 
2020-03-09 22:59:56,811 trade 2019-10-15无交易 
2020-03-09 22:59:56,811 002239资产8395.402310660493持仓0.0 
2020-03-09 22:59:56,812 trade sell 2019-10-16 1.73 store is zero.  
2020-03-09 22:59:56,812 002239资产8395.402310660493持仓0.0 
2020-03-09 22:59:56,812 trade sell 2019-10-17 1.72 store is zero.  
2020-03-09 22:59:56,812 002239资产8395.402310660493持仓0.0 
2020-03-09 22:59:56,813 trade sell 2019-10-18 1.69 store is zero.  
2020-03-09 22:59:56,813 002239资产8395.402310660493持仓0.0 
2020-03-09 22:59:56,814 trade sell 2019-10-21 1.68 store is zero.  
2020-03-09 22:59:56,814 002239资产8395.402310660493持仓0.0 
2020-03-09 22:59:56,815 trade sell 2019-10-22 1.68 store is zero.  
2020-03-09 22:59:56,815 002239资产8395.402310660493持仓0.0 
2020-03-09 22:59:56,816 trade sell 2019-10-23 1.68 store is zero.  
2020-03-09 22:59:56,816 002239资产8395.402310660493持仓0.0 
2020-03-09 22:59:56,816 trade sell 2019-10-24 1.7 store is zero.  
2020-03-09 22:59:56,817 002239资产8395.402310660493持仓0.0 
2020-03-09 22:59:56,817 trade 2019-10-25无交易 
2020-03-09 22:59:56,817 002239资产8395.402310660493持仓0.0 
2020-03-09 22:59:56,817 trade 2019-10-28无交易 
2020-03-09 22:59:56,818 002239资产8395.402310660493持仓0.0 
2020-03-09 22:59:56,818 trade 2019-10-29无交易 
2020-03-09 22:59:56,818 002239资产8395.402310660493持仓0.0 
2020-03-09 22:59:56,819 trade 2019-10-30无交易 
2020-03-09 22:59:56,820 002239资产8395.402310660493持仓0.0 
2020-03-09 22:59:56,820 trade 2019-10-31无交易 
2020-03-09 22:59:56,820 002239资产8395.402310660493持仓0.0 
2020-03-09 22:59:56,821 trade sell 2019-11-01 1.7 store is zero.  
2020-03-09 22:59:56,821 002239资产8395.402310660493持仓0.0 
2020-03-09 22:59:56,822 trade sell 2019-11-04 1.71 store is zero.  
2020-03-09 22:59:56,822 002239资产8395.402310660493持仓0.0 
2020-03-09 22:59:56,822 trade sell 2019-11-05 1.69 store is zero.  
2020-03-09 22:59:56,823 002239资产8395.402310660493持仓0.0 
2020-03-09 22:59:56,823 trade sell 2019-11-06 1.71 store is zero.  
2020-03-09 22:59:56,824 002239资产8395.402310660493持仓0.0 
2020-03-09 22:59:56,824 trade sell 2019-11-07 1.69 store is zero.  
2020-03-09 22:59:56,824 002239资产8395.402310660493持仓0.0 
2020-03-09 22:59:56,825 trade sell 2019-11-08 1.69 store is zero.  
2020-03-09 22:59:56,825 002239资产8395.402310660493持仓0.0 
2020-03-09 22:59:56,825 trade sell 2019-11-11 1.64 store is zero.  
2020-03-09 22:59:56,826 002239资产8395.402310660493持仓0.0 
2020-03-09 22:59:56,826 trade sell 2019-11-12 1.71 store is zero.  
2020-03-09 22:59:56,826 002239资产8395.402310660493持仓0.0 
2020-03-09 22:59:56,826 trade 2019-11-13无交易 
2020-03-09 22:59:56,827 002239资产8395.402310660493持仓0.0 
2020-03-09 22:59:56,827 trade 2019-11-14无交易 
2020-03-09 22:59:56,827 002239资产8395.402310660493持仓0.0 
2020-03-09 22:59:56,828 trade 2019-11-15无交易 
2020-03-09 22:59:56,828 002239资产8395.402310660493持仓0.0 
2020-03-09 22:59:56,828 trade 2019-11-18无交易 
2020-03-09 22:59:56,828 002239资产8395.402310660493持仓0.0 
2020-03-09 22:59:56,829 trade 2019-11-19无交易 
2020-03-09 22:59:56,829 002239资产8395.402310660493持仓0.0 
2020-03-09 22:59:56,829 trade 2019-11-20无交易 
2020-03-09 22:59:56,830 002239资产8395.402310660493持仓0.0 
2020-03-09 22:59:56,830 trade 2019-11-21无交易 
2020-03-09 22:59:56,830 002239资产8395.402310660493持仓0.0 
2020-03-09 22:59:56,830 trade 2019-11-22无交易 
2020-03-09 22:59:56,831 002239资产8395.402310660493持仓0.0 
2020-03-09 22:59:56,831 trade 2019-11-25无交易 
2020-03-09 22:59:56,831 002239资产8395.402310660493持仓0.0 
2020-03-09 22:59:56,831 trade 2019-11-26无交易 
2020-03-09 22:59:56,832 002239资产8395.402310660493持仓0.0 
2020-03-09 22:59:56,832 trade 2019-11-27无交易 
2020-03-09 22:59:56,832 002239资产8395.402310660493持仓0.0 
2020-03-09 22:59:56,833 trade:  buy 2019-11-28 1.77 OK  
2020-03-09 22:59:56,833 002239资产8395.402310660493持仓4743.165147265815 
2020-03-09 22:59:56,833 trade:  buy 2019-11-29 1.77 count not allow zero 
2020-03-09 22:59:56,833 002239资产8395.402310660493持仓4743.165147265815 
2020-03-09 22:59:56,834 trade:  buy 2019-12-02 1.8 count not allow zero 
2020-03-09 22:59:56,834 002239资产8537.697265078466持仓4743.165147265815 
2020-03-09 22:59:56,834 trade:  buy 2019-12-03 1.83 count not allow zero 
2020-03-09 22:59:56,835 002239资产8679.992219496442持仓4743.165147265815 
2020-03-09 22:59:56,835 trade:  buy 2019-12-04 1.8 count not allow zero 
2020-03-09 22:59:56,835 002239资产8537.697265078466持仓4743.165147265815 
2020-03-09 22:59:56,836 trade:  buy 2019-12-05 1.83 count not allow zero 
2020-03-09 22:59:56,836 002239资产8679.992219496442持仓4743.165147265815 
2020-03-09 22:59:56,837 trade:  buy 2019-12-06 1.8 count not allow zero 
2020-03-09 22:59:56,837 002239资产8537.697265078466持仓4743.165147265815 
2020-03-09 22:59:56,837 trade:  buy 2019-12-09 1.78 count not allow zero 
2020-03-09 22:59:56,838 002239资产8442.83396213315持仓4743.165147265815 
2020-03-09 22:59:56,838 trade:  buy 2019-12-10 1.81 count not allow zero 
2020-03-09 22:59:56,838 002239资产8585.128916551126持仓4743.165147265815 
2020-03-09 22:59:56,838 trade sell 2019-12-11 1.71 OK  
2020-03-09 22:59:56,839 002239资产8110.8124018245435持仓0.0 
2020-03-09 22:59:56,839 trade sell 2019-12-12 1.69 store is zero.  
2020-03-09 22:59:56,839 002239资产8110.8124018245435持仓0.0 
2020-03-09 22:59:56,840 trade sell 2019-12-13 1.7 store is zero.  
2020-03-09 22:59:56,840 002239资产8110.8124018245435持仓0.0 
2020-03-09 22:59:56,841 trade sell 2019-12-16 1.71 store is zero.  
2020-03-09 22:59:56,841 002239资产8110.8124018245435持仓0.0 
2020-03-09 22:59:56,841 trade sell 2019-12-17 1.73 store is zero.  
2020-03-09 22:59:56,841 002239资产8110.8124018245435持仓0.0 
2020-03-09 22:59:56,842 trade sell 2019-12-18 1.72 store is zero.  
2020-03-09 22:59:56,842 002239资产8110.8124018245435持仓0.0 
2020-03-09 22:59:56,842 trade sell 2019-12-19 1.75 store is zero.  
2020-03-09 22:59:56,843 002239资产8110.8124018245435持仓0.0 
2020-03-09 22:59:56,843 trade sell 2019-12-20 1.72 store is zero.  
2020-03-09 22:59:56,843 002239资产8110.8124018245435持仓0.0 
2020-03-09 22:59:56,843 trade sell 2019-12-23 1.69 store is zero.  
2020-03-09 22:59:56,844 002239资产8110.8124018245435持仓0.0 
2020-03-09 22:59:56,844 trade sell 2019-12-24 1.74 store is zero.  
2020-03-09 22:59:56,844 002239资产8110.8124018245435持仓0.0 
2020-03-09 22:59:56,845 trade sell 2019-12-25 1.71 store is zero.  
2020-03-09 22:59:56,845 002239资产8110.8124018245435持仓0.0 
2020-03-09 22:59:56,845 trade sell 2019-12-26 1.74 store is zero.  
2020-03-09 22:59:56,845 002239资产8110.8124018245435持仓0.0 
2020-03-09 22:59:56,846 trade sell 2019-12-27 1.72 store is zero.  
2020-03-09 22:59:56,846 002239资产8110.8124018245435持仓0.0 
2020-03-09 22:59:56,846 trade sell 2019-12-30 1.74 store is zero.  
2020-03-09 22:59:56,847 002239资产8110.8124018245435持仓0.0 
2020-03-09 22:59:56,847 trade 2019-12-31无交易 
2020-03-09 22:59:56,847 002239资产8110.8124018245435持仓0.0 
