2020-03-02 18:10:32,822 trade3.8.2 (v3.8.2:7b3ab5921f, Feb 24 2020, 17:52:18) 
[Clang 6.0 (clang-600.0.57)] 
2020-03-02 18:10:33,050 trade sell 2019-12-02 3.67 store is zero.  
2020-03-02 18:10:33,050 300022资产10000.0持仓0 
2020-03-02 18:10:33,050 trade 2019-12-03无交易 
2020-03-02 18:10:33,050 300022资产10000.0持仓0 
2020-03-02 18:10:33,050 trade:  buy 2019-12-04 3.72 OK  
2020-03-02 18:10:33,051 300022资产10000.0持仓200 
2020-03-02 18:10:33,051 trade:  buy 2019-12-05 3.75 OK  
2020-03-02 18:10:33,051 300022资产10006.0持仓400 
2020-03-02 18:10:33,051 trade:  buy 2019-12-06 3.78 OK  
2020-03-02 18:10:33,051 300022资产10018.0持仓600 
2020-03-02 18:10:33,051 trade 2019-12-09无交易 
2020-03-02 18:10:33,052 300022资产10000.0持仓600 
2020-03-02 18:10:33,052 trade 2019-12-10无交易 
2020-03-02 18:10:33,052 300022资产10006.0持仓600 
2020-03-02 18:10:33,052 trade sell 2019-12-11 3.73 OK  
2020-03-02 18:10:33,052 300022资产9988.0持仓0 
2020-03-02 18:10:33,052 trade sell 2019-12-12 3.69 store is zero.  
2020-03-02 18:10:33,052 300022资产9988.0持仓0 
2020-03-02 18:10:33,052 trade:  buy 2019-12-13 3.82 OK  
2020-03-02 18:10:33,052 300022资产9988.0持仓200 
2020-03-02 18:10:33,053 trade:  buy 2019-12-16 3.82 OK  
2020-03-02 18:10:33,053 300022资产9988.0持仓400 
2020-03-02 18:10:33,053 trade:  buy 2019-12-17 3.9 OK  
2020-03-02 18:10:33,053 300022资产10020.0持仓600 
2020-03-02 18:10:33,053 trade:  buy 2019-12-18 3.95 OK  
2020-03-02 18:10:33,053 300022资产10050.0持仓800 
2020-03-02 18:10:33,053 trade:  buy 2019-12-19 4.0 OK  
2020-03-02 18:10:33,053 300022资产10090.0持仓1000 
2020-03-02 18:10:33,053 trade:  buy 2019-12-20 4.08 OK  
2020-03-02 18:10:33,053 300022资产10170.0持仓1200 
2020-03-02 18:10:33,053 trade sell 2019-12-23 3.81 OK  
2020-03-02 18:10:33,053 300022资产9846.0持仓0 
2020-03-02 18:10:33,054 trade sell 2019-12-24 3.85 store is zero.  
2020-03-02 18:10:33,054 300022资产9846.0持仓0 
2020-03-02 18:10:33,054 trade sell 2019-12-25 3.85 store is zero.  
2020-03-02 18:10:33,054 300022资产9846.0持仓0 
2020-03-02 18:10:33,054 trade sell 2019-12-26 3.86 store is zero.  
2020-03-02 18:10:33,055 300022资产9846.0持仓0 
2020-03-02 18:10:33,055 trade 2019-12-27无交易 
2020-03-02 18:10:33,055 300022资产9846.0持仓0 
2020-03-02 18:10:33,055 trade 2019-12-30无交易 
2020-03-02 18:10:33,055 300022资产9846.0持仓0 
2020-03-02 18:10:33,055 trade 2019-12-31无交易 
2020-03-02 18:10:33,055 300022资产9846.0持仓0 
2020-03-02 18:10:33,055 trade:  buy 2020-01-02 3.96 OK  
2020-03-02 18:10:33,055 300022资产9846.0持仓200 
2020-03-02 18:10:33,055 trade:  buy 2020-01-03 4.04 OK  
2020-03-02 18:10:33,055 300022资产9862.0持仓400 
2020-03-02 18:10:33,055 trade:  buy 2020-01-06 4.02 OK  
2020-03-02 18:10:33,055 300022资产9854.0持仓600 
2020-03-02 18:10:33,056 trade:  buy 2020-01-07 4.04 OK  
2020-03-02 18:10:33,056 300022资产9866.0持仓800 
2020-03-02 18:10:33,056 trade sell 2020-01-08 3.93 OK  
2020-03-02 18:10:33,056 300022资产9778.0持仓0 
2020-03-02 18:10:33,056 trade 2020-01-09无交易 
2020-03-02 18:10:33,056 300022资产9778.0持仓0 
2020-03-02 18:10:33,056 trade sell 2020-01-10 3.97 store is zero.  
2020-03-02 18:10:33,056 300022资产9778.0持仓0 
2020-03-02 18:10:33,056 trade 2020-01-13无交易 
2020-03-02 18:10:33,056 300022资产9778.0持仓0 
2020-03-02 18:10:33,056 trade:  buy 2020-01-14 4.0 OK  
2020-03-02 18:10:33,057 300022资产9778.0持仓200 
2020-03-02 18:10:33,057 trade sell 2020-01-15 3.9 OK  
2020-03-02 18:10:33,057 300022资产9758.0持仓0 
2020-03-02 18:10:33,057 trade:  buy 2020-01-16 4.03 OK  
2020-03-02 18:10:33,057 300022资产9758.0持仓200 
2020-03-02 18:10:33,057 trade:  buy 2020-01-17 4.21 OK  
2020-03-02 18:10:33,057 300022资产9794.0持仓400 
2020-03-02 18:10:33,057 trade:  buy 2020-01-20 4.08 OK  
2020-03-02 18:10:33,057 300022资产9742.0持仓600 
2020-03-02 18:10:33,057 trade sell 2020-01-21 4.02 OK  
2020-03-02 18:10:33,057 300022资产9706.0持仓0 
2020-03-02 18:10:33,058 trade sell 2020-01-22 3.98 store is zero.  
2020-03-02 18:10:33,058 300022资产9706.0持仓0 
2020-03-02 18:10:33,058 trade sell 2020-01-23 3.85 store is zero.  
2020-03-02 18:10:33,058 300022资产9706.0持仓0 
2020-03-02 18:10:33,058 trade sell 2020-02-03 3.47 store is zero.  
2020-03-02 18:10:33,058 300022资产9706.0持仓0 
2020-03-02 18:10:33,058 trade sell 2020-02-04 3.22 store is zero.  
2020-03-02 18:10:33,058 300022资产9706.0持仓0 
2020-03-02 18:10:33,058 trade sell 2020-02-05 3.34 store is zero.  
2020-03-02 18:10:33,058 300022资产9706.0持仓0 
2020-03-02 18:10:33,059 trade 2020-02-06无交易 
2020-03-02 18:10:33,059 300022资产9706.0持仓0 
2020-03-02 18:10:33,063 trade:  buy 2020-02-07 3.45 OK  
2020-03-02 18:10:33,063 300022资产9706.0持仓200 
2020-03-02 18:10:33,064 trade:  buy 2020-02-10 3.68 OK  
2020-03-02 18:10:33,064 300022资产9752.0持仓400 
2020-03-02 18:10:33,064 trade:  buy 2020-02-11 3.57 OK  
2020-03-02 18:10:33,064 300022资产9708.0持仓600 
2020-03-02 18:10:33,064 trade:  buy 2020-02-12 3.6 OK  
2020-03-02 18:10:33,064 300022资产9726.0持仓800 
2020-03-02 18:10:33,064 trade sell 2020-02-13 3.53 OK  
2020-03-02 18:10:33,064 300022资产9670.0持仓0 
2020-03-02 18:10:33,064 trade sell 2020-02-14 3.51 store is zero.  
2020-03-02 18:10:33,064 300022资产9670.0持仓0 
2020-03-02 18:10:33,064 trade:  buy 2020-02-17 3.7 OK  
2020-03-02 18:10:33,064 300022资产9670.0持仓200 
2020-03-02 18:10:33,064 trade:  buy 2020-02-18 3.78 OK  
2020-03-02 18:10:33,064 300022资产9686.0持仓400 
2020-03-02 18:10:33,065 trade:  buy 2020-02-19 3.85 OK  
2020-03-02 18:10:33,065 300022资产9714.0持仓600 
2020-03-02 18:10:33,065 trade:  buy 2020-02-20 3.84 OK  
2020-03-02 18:10:33,065 300022资产9708.0持仓800 
2020-03-02 18:10:33,065 trade:  buy 2020-02-21 3.86 OK  
2020-03-02 18:10:33,065 300022资产9724.0持仓1000 
2020-03-02 18:10:33,065 trade:  buy 2020-02-24 3.89 OK  
2020-03-02 18:10:33,065 300022资产9754.0持仓1200 
2020-03-02 18:10:33,065 trade:  buy 2020-02-25 3.92 OK  
2020-03-02 18:10:33,065 300022资产9790.0持仓1400 
2020-03-02 18:10:33,065 trade:  buy 2020-02-26 4.31 OK  
2020-03-02 18:10:33,065 300022资产10336.0持仓1600 
2020-03-02 18:10:33,065 trade 2020-02-27无交易 
2020-03-02 18:10:33,065 300022资产9808.0持仓1600 
2020-03-02 18:10:33,066 trade sell 2020-02-28 3.74 OK  
2020-03-02 18:10:33,066 300022资产9424.0持仓0 
2020-03-02 18:10:33,066 trade sell 2020-03-02 3.82 store is zero.  
2020-03-02 18:10:33,066 300022资产9424.0持仓0 
