2020-03-05 12:59:26,287 trade3.8.2 (v3.8.2:7b3ab5921f, Feb 24 2020, 17:52:18) 
[Clang 6.0 (clang-600.0.57)] 
2020-03-05 12:59:26,561 trade 2017-09-04无交易 
2020-03-05 12:59:26,561 000100资产10000.0持仓0 
2020-03-05 12:59:26,561 trade 2017-09-05无交易 
2020-03-05 12:59:26,561 000100资产10000.0持仓0 
2020-03-05 12:59:26,562 trade 2017-09-06无交易 
2020-03-05 12:59:26,562 000100资产10000.0持仓0 
2020-03-05 12:59:26,562 trade:  buy 2017-09-21 3.64 OK  
2020-03-05 12:59:26,562 000100资产10000.0持仓2000 
2020-03-05 12:59:26,562 trade sell 2017-09-22 3.57 OK  
2020-03-05 12:59:26,562 000100资产9860.0持仓0 
2020-03-05 12:59:26,562 trade sell 2017-09-25 3.51 store is zero.  
2020-03-05 12:59:26,563 000100资产9860.0持仓0 
2020-03-05 12:59:26,563 trade sell 2017-09-26 3.55 store is zero.  
2020-03-05 12:59:26,563 000100资产9860.0持仓0 
2020-03-05 12:59:26,563 trade sell 2017-09-27 3.54 store is zero.  
2020-03-05 12:59:26,563 000100资产9860.0持仓0 
2020-03-05 12:59:26,563 trade:  buy 2017-09-28 3.61 OK  
2020-03-05 12:59:26,563 000100资产9860.0持仓2000 
2020-03-05 12:59:26,564 trade 2017-09-29无交易 
2020-03-05 12:59:26,564 000100资产9760.0持仓2000 
2020-03-05 12:59:26,564 trade:  buy 2017-10-09 3.72 balance is not enough.  
2020-03-05 12:59:26,564 000100资产10080.0持仓2000 
2020-03-05 12:59:26,564 trade:  buy 2017-10-10 3.74 balance is not enough.  
2020-03-05 12:59:26,564 000100资产10120.0持仓2000 
2020-03-05 12:59:26,564 trade:  buy 2017-10-11 3.69 balance is not enough.  
2020-03-05 12:59:26,564 000100资产10020.0持仓2000 
2020-03-05 12:59:26,565 trade 2017-10-12无交易 
2020-03-05 12:59:26,565 000100资产10000.0持仓2000 
2020-03-05 12:59:26,565 trade:  buy 2017-10-13 3.76 balance is not enough.  
2020-03-05 12:59:26,565 000100资产10160.0持仓2000 
2020-03-05 12:59:26,565 trade:  buy 2017-10-16 3.88 balance is not enough.  
2020-03-05 12:59:26,565 000100资产10400.0持仓2000 
2020-03-05 12:59:26,565 trade:  buy 2017-10-17 4.01 balance is not enough.  
2020-03-05 12:59:26,566 000100资产10660.0持仓2000 
2020-03-05 12:59:26,566 trade:  buy 2017-10-18 4.21 balance is not enough.  
2020-03-05 12:59:26,566 000100资产11060.0持仓2000 
2020-03-05 12:59:26,566 trade:  buy 2017-10-19 4.16 balance is not enough.  
2020-03-05 12:59:26,566 000100资产10960.0持仓2000 
2020-03-05 12:59:26,566 trade 2017-10-20无交易 
2020-03-05 12:59:26,566 000100资产10820.0持仓2000 
2020-03-05 12:59:26,566 trade:  buy 2017-10-23 4.34 balance is not enough.  
2020-03-05 12:59:26,567 000100资产11320.0持仓2000 
2020-03-05 12:59:26,567 trade:  buy 2017-10-24 4.27 balance is not enough.  
2020-03-05 12:59:26,567 000100资产11180.0持仓2000 
2020-03-05 12:59:26,567 trade:  buy 2017-10-25 4.4 balance is not enough.  
2020-03-05 12:59:26,567 000100资产11440.0持仓2000 
2020-03-05 12:59:26,567 trade:  buy 2017-10-26 4.42 balance is not enough.  
2020-03-05 12:59:26,567 000100资产11480.0持仓2000 
2020-03-05 12:59:26,567 trade:  buy 2017-10-27 4.46 balance is not enough.  
2020-03-05 12:59:26,567 000100资产11560.0持仓2000 
2020-03-05 12:59:26,568 trade 2017-10-30无交易 
2020-03-05 12:59:26,568 000100资产11440.0持仓2000 
2020-03-05 12:59:26,568 trade sell 2017-10-31 4.34 OK  
2020-03-05 12:59:26,568 000100资产11320.0持仓0 
2020-03-05 12:59:26,568 trade sell 2017-11-01 4.21 store is zero.  
2020-03-05 12:59:26,568 000100资产11320.0持仓0 
2020-03-05 12:59:26,568 trade sell 2017-11-02 4.22 store is zero.  
2020-03-05 12:59:26,569 000100资产11320.0持仓0 
2020-03-05 12:59:26,569 trade 2017-11-03无交易 
2020-03-05 12:59:26,569 000100资产11320.0持仓0 
2020-03-05 12:59:26,569 trade:  buy 2017-11-06 4.68 OK  
2020-03-05 12:59:26,569 000100资产11320.0持仓2000 
2020-03-05 12:59:26,569 trade:  buy 2017-11-07 4.8 balance is not enough.  
2020-03-05 12:59:26,569 000100资产11560.0持仓2000 
2020-03-05 12:59:26,570 trade:  buy 2017-11-08 4.75 balance is not enough.  
2020-03-05 12:59:26,570 000100资产11460.0持仓2000 
2020-03-05 12:59:26,570 trade:  buy 2017-11-09 5.01 balance is not enough.  
2020-03-05 12:59:26,570 000100资产11980.0持仓2000 
2020-03-05 12:59:26,571 trade:  buy 2017-11-10 4.98 balance is not enough.  
2020-03-05 12:59:26,571 000100资产11920.0持仓2000 
2020-03-05 12:59:26,571 trade:  buy 2017-11-13 4.96 balance is not enough.  
2020-03-05 12:59:26,571 000100资产11880.0持仓2000 
2020-03-05 12:59:26,572 trade sell 2017-11-14 4.82 OK  
2020-03-05 12:59:26,572 000100资产11600.0持仓0 
2020-03-05 12:59:26,572 trade sell 2017-11-15 4.83 store is zero.  
2020-03-05 12:59:26,572 000100资产11600.0持仓0 
2020-03-05 12:59:26,573 trade sell 2017-11-16 4.86 store is zero.  
2020-03-05 12:59:26,573 000100资产11600.0持仓0 
2020-03-05 12:59:26,573 trade sell 2017-11-17 4.68 store is zero.  
2020-03-05 12:59:26,573 000100资产11600.0持仓0 
2020-03-05 12:59:26,573 trade sell 2017-11-20 4.71 store is zero.  
2020-03-05 12:59:26,573 000100资产11600.0持仓0 
2020-03-05 12:59:26,573 trade:  buy 2017-11-21 4.84 OK  
2020-03-05 12:59:26,573 000100资产11600.0持仓2000 
2020-03-05 12:59:26,574 trade sell 2017-11-22 4.72 OK  
2020-03-05 12:59:26,574 000100资产11360.0持仓0 
2020-03-05 12:59:26,574 trade sell 2017-11-23 4.31 store is zero.  
2020-03-05 12:59:26,574 000100资产11360.0持仓0 
2020-03-05 12:59:26,574 trade sell 2017-11-24 4.2 store is zero.  
2020-03-05 12:59:26,574 000100资产11360.0持仓0 
2020-03-05 12:59:26,574 trade sell 2017-11-27 4.14 store is zero.  
2020-03-05 12:59:26,574 000100资产11360.0持仓0 
2020-03-05 12:59:26,575 trade sell 2017-11-28 4.23 store is zero.  
2020-03-05 12:59:26,575 000100资产11360.0持仓0 
2020-03-05 12:59:26,575 trade 2017-11-29无交易 
2020-03-05 12:59:26,575 000100资产11360.0持仓0 
2020-03-05 12:59:26,575 trade 2017-11-30无交易 
2020-03-05 12:59:26,575 000100资产11360.0持仓0 
2020-03-05 12:59:26,575 trade sell 2017-12-01 4.15 store is zero.  
2020-03-05 12:59:26,575 000100资产11360.0持仓0 
2020-03-05 12:59:26,575 trade 2017-12-04无交易 
2020-03-05 12:59:26,576 000100资产11360.0持仓0 
2020-03-05 12:59:26,576 trade sell 2017-12-05 4.08 store is zero.  
2020-03-05 12:59:26,576 000100资产11360.0持仓0 
2020-03-05 12:59:26,576 trade 2017-12-06无交易 
2020-03-05 12:59:26,576 000100资产11360.0持仓0 
2020-03-05 12:59:26,576 trade sell 2017-12-07 4.04 store is zero.  
2020-03-05 12:59:26,576 000100资产11360.0持仓0 
2020-03-05 12:59:26,576 trade 2017-12-08无交易 
2020-03-05 12:59:26,577 000100资产11360.0持仓0 
2020-03-05 12:59:26,577 trade:  buy 2017-12-11 4.18 OK  
2020-03-05 12:59:26,577 000100资产11360.0持仓2000 
2020-03-05 12:59:26,577 trade sell 2017-12-12 4.08 OK  
2020-03-05 12:59:26,577 000100资产11160.0持仓0 
2020-03-05 12:59:26,577 trade 2017-12-13无交易 
2020-03-05 12:59:26,577 000100资产11160.0持仓0 
2020-03-05 12:59:26,577 trade sell 2017-12-14 4.07 store is zero.  
2020-03-05 12:59:26,577 000100资产11160.0持仓0 
2020-03-05 12:59:26,578 trade sell 2017-12-15 3.96 store is zero.  
2020-03-05 12:59:26,578 000100资产11160.0持仓0 
2020-03-05 12:59:26,578 trade sell 2017-12-18 3.94 store is zero.  
2020-03-05 12:59:26,578 000100资产11160.0持仓0 
2020-03-05 12:59:26,578 trade:  buy 2017-12-19 4.05 OK  
2020-03-05 12:59:26,578 000100资产11160.0持仓2000 
2020-03-05 12:59:26,578 trade 2017-12-20无交易 
2020-03-05 12:59:26,578 000100资产11060.0持仓2000 
2020-03-05 12:59:26,579 trade:  buy 2017-12-21 4.07 balance is not enough.  
2020-03-05 12:59:26,579 000100资产11200.0持仓2000 
2020-03-05 12:59:26,579 trade 2017-12-22无交易 
2020-03-05 12:59:26,579 000100资产11120.0持仓2000 
2020-03-05 12:59:26,579 trade sell 2017-12-25 3.86 OK  
2020-03-05 12:59:26,579 000100资产10780.0持仓0 
2020-03-05 12:59:26,579 trade sell 2017-12-26 3.87 store is zero.  
2020-03-05 12:59:26,579 000100资产10780.0持仓0 
2020-03-05 12:59:26,580 trade sell 2017-12-27 3.84 store is zero.  
2020-03-05 12:59:26,580 000100资产10780.0持仓0 
2020-03-05 12:59:26,580 trade sell 2017-12-28 3.83 store is zero.  
2020-03-05 12:59:26,580 000100资产10780.0持仓0 
2020-03-05 12:59:26,580 trade:  buy 2017-12-29 3.9 OK  
2020-03-05 12:59:26,580 000100资产10780.0持仓2000 
2020-03-05 12:59:26,580 trade:  buy 2018-01-02 3.91 balance is not enough.  
2020-03-05 12:59:26,580 000100资产10800.0持仓2000 
2020-03-05 12:59:26,580 trade:  buy 2018-01-03 3.99 balance is not enough.  
2020-03-05 12:59:26,581 000100资产10960.0持仓2000 
2020-03-05 12:59:26,581 trade:  buy 2018-01-04 3.96 balance is not enough.  
2020-03-05 12:59:26,581 000100资产10900.0持仓2000 
2020-03-05 12:59:26,581 trade 2018-01-05无交易 
2020-03-05 12:59:26,581 000100资产10820.0持仓2000 
2020-03-05 12:59:26,581 trade sell 2018-01-08 3.88 OK  
2020-03-05 12:59:26,581 000100资产10740.0持仓0 
2020-03-05 12:59:26,581 trade:  buy 2018-01-09 4.03 OK  
2020-03-05 12:59:26,582 000100资产10740.0持仓2000 
2020-03-05 12:59:26,582 trade:  buy 2018-01-10 3.99 balance is not enough.  
2020-03-05 12:59:26,582 000100资产10660.0持仓2000 
2020-03-05 12:59:26,582 trade 2018-01-11无交易 
2020-03-05 12:59:26,582 000100资产10600.0持仓2000 
2020-03-05 12:59:26,582 trade:  buy 2018-01-12 4.0 balance is not enough.  
2020-03-05 12:59:26,582 000100资产10680.0持仓2000 
2020-03-05 12:59:26,582 trade:  buy 2018-01-15 4.03 balance is not enough.  
2020-03-05 12:59:26,583 000100资产10740.0持仓2000 
2020-03-05 12:59:26,583 trade:  buy 2018-01-16 4.05 balance is not enough.  
2020-03-05 12:59:26,583 000100资产10780.0持仓2000 
2020-03-05 12:59:26,583 trade sell 2018-01-17 3.92 OK  
2020-03-05 12:59:26,583 000100资产10520.0持仓0 
2020-03-05 12:59:26,583 trade sell 2018-01-18 3.89 store is zero.  
2020-03-05 12:59:26,583 000100资产10520.0持仓0 
2020-03-05 12:59:26,583 trade sell 2018-01-19 3.89 store is zero.  
2020-03-05 12:59:26,584 000100资产10520.0持仓0 
2020-03-05 12:59:26,584 trade sell 2018-01-22 3.88 store is zero.  
2020-03-05 12:59:26,584 000100资产10520.0持仓0 
2020-03-05 12:59:26,584 trade sell 2018-01-23 3.84 store is zero.  
2020-03-05 12:59:26,584 000100资产10520.0持仓0 
2020-03-05 12:59:26,584 trade sell 2018-01-24 3.81 store is zero.  
2020-03-05 12:59:26,584 000100资产10520.0持仓0 
2020-03-05 12:59:26,584 trade sell 2018-01-25 3.79 store is zero.  
2020-03-05 12:59:26,584 000100资产10520.0持仓0 
2020-03-05 12:59:26,585 trade sell 2018-01-26 3.72 store is zero.  
2020-03-05 12:59:26,585 000100资产10520.0持仓0 
2020-03-05 12:59:26,585 trade sell 2018-01-29 3.6 store is zero.  
2020-03-05 12:59:26,585 000100资产10520.0持仓0 
2020-03-05 12:59:26,585 trade sell 2018-01-30 3.62 store is zero.  
2020-03-05 12:59:26,585 000100资产10520.0持仓0 
2020-03-05 12:59:26,586 trade sell 2018-01-31 3.57 store is zero.  
2020-03-05 12:59:26,586 000100资产10520.0持仓0 
2020-03-05 12:59:26,586 trade sell 2018-02-01 3.4 store is zero.  
2020-03-05 12:59:26,586 000100资产10520.0持仓0 
2020-03-05 12:59:26,586 trade sell 2018-02-02 3.46 store is zero.  
2020-03-05 12:59:26,586 000100资产10520.0持仓0 
2020-03-05 12:59:26,586 trade sell 2018-02-05 3.48 store is zero.  
2020-03-05 12:59:26,586 000100资产10520.0持仓0 
2020-03-05 12:59:26,587 trade sell 2018-02-06 3.35 store is zero.  
2020-03-05 12:59:26,587 000100资产10520.0持仓0 
2020-03-05 12:59:26,587 trade sell 2018-02-07 3.35 store is zero.  
2020-03-05 12:59:26,587 000100资产10520.0持仓0 
2020-03-05 12:59:26,587 trade:  buy 2018-02-08 3.47 OK  
2020-03-05 12:59:26,587 000100资产10520.0持仓2000 
2020-03-05 12:59:26,587 trade sell 2018-02-09 3.34 OK  
2020-03-05 12:59:26,588 000100资产10260.0持仓0 
2020-03-05 12:59:26,588 trade:  buy 2018-02-12 3.41 OK  
2020-03-05 12:59:26,588 000100资产10260.0持仓2000 
2020-03-05 12:59:26,588 trade 2018-02-13无交易 
2020-03-05 12:59:26,588 000100资产10260.0持仓2000 
2020-03-05 12:59:26,589 trade:  buy 2018-02-14 3.44 balance is not enough.  
2020-03-05 12:59:26,589 000100资产10320.0持仓2000 
2020-03-05 12:59:26,589 trade:  buy 2018-02-22 3.47 balance is not enough.  
2020-03-05 12:59:26,589 000100资产10380.0持仓2000 
2020-03-05 12:59:26,589 trade 2018-02-23无交易 
2020-03-05 12:59:26,589 000100资产10300.0持仓2000 
2020-03-05 12:59:26,590 trade:  buy 2018-02-26 3.67 balance is not enough.  
2020-03-05 12:59:26,590 000100资产10780.0持仓2000 
2020-03-05 12:59:26,590 trade:  buy 2018-02-27 3.72 balance is not enough.  
2020-03-05 12:59:26,590 000100资产10880.0持仓2000 
2020-03-05 12:59:26,590 trade:  buy 2018-02-28 3.75 balance is not enough.  
2020-03-05 12:59:26,590 000100资产10940.0持仓2000 
2020-03-05 12:59:26,591 trade:  buy 2018-03-01 3.71 balance is not enough.  
2020-03-05 12:59:26,591 000100资产10860.0持仓2000 
2020-03-05 12:59:26,591 trade sell 2018-03-02 3.64 OK  
2020-03-05 12:59:26,591 000100资产10720.0持仓0 
2020-03-05 12:59:26,591 trade sell 2018-03-05 3.6 store is zero.  
2020-03-05 12:59:26,591 000100资产10720.0持仓0 
2020-03-05 12:59:26,592 trade:  buy 2018-03-06 3.79 OK  
2020-03-05 12:59:26,592 000100资产10720.0持仓2000 
2020-03-05 12:59:26,592 trade:  buy 2018-03-07 3.76 balance is not enough.  
2020-03-05 12:59:26,592 000100资产10660.0持仓2000 
2020-03-05 12:59:26,592 trade:  buy 2018-03-08 3.82 balance is not enough.  
2020-03-05 12:59:26,592 000100资产10780.0持仓2000 
2020-03-05 12:59:26,592 trade:  buy 2018-03-09 3.82 balance is not enough.  
2020-03-05 12:59:26,592 000100资产10780.0持仓2000 
2020-03-05 12:59:26,593 trade:  buy 2018-03-12 3.86 balance is not enough.  
2020-03-05 12:59:26,593 000100资产10860.0持仓2000 
2020-03-05 12:59:26,593 trade:  buy 2018-03-13 3.84 balance is not enough.  
2020-03-05 12:59:26,593 000100资产10820.0持仓2000 
2020-03-05 12:59:26,593 trade sell 2018-03-14 3.8 OK  
2020-03-05 12:59:26,593 000100资产10740.0持仓0 
2020-03-05 12:59:26,593 trade sell 2018-03-15 3.8 store is zero.  
2020-03-05 12:59:26,593 000100资产10740.0持仓0 
2020-03-05 12:59:26,594 trade 2018-03-16无交易 
2020-03-05 12:59:26,594 000100资产10740.0持仓0 
2020-03-05 12:59:26,594 trade sell 2018-03-19 3.78 store is zero.  
2020-03-05 12:59:26,594 000100资产10740.0持仓0 
2020-03-05 12:59:26,594 trade sell 2018-03-20 3.75 store is zero.  
2020-03-05 12:59:26,594 000100资产10740.0持仓0 
2020-03-05 12:59:26,594 trade sell 2018-03-21 3.7 store is zero.  
2020-03-05 12:59:26,594 000100资产10740.0持仓0 
2020-03-05 12:59:26,595 trade sell 2018-03-22 3.65 store is zero.  
2020-03-05 12:59:26,595 000100资产10740.0持仓0 
2020-03-05 12:59:26,595 trade sell 2018-03-23 3.49 store is zero.  
2020-03-05 12:59:26,595 000100资产10740.0持仓0 
2020-03-05 12:59:26,595 trade sell 2018-03-26 3.43 store is zero.  
2020-03-05 12:59:26,595 000100资产10740.0持仓0 
2020-03-05 12:59:26,595 trade sell 2018-03-27 3.47 store is zero.  
2020-03-05 12:59:26,595 000100资产10740.0持仓0 
2020-03-05 12:59:26,596 trade sell 2018-03-28 3.42 store is zero.  
2020-03-05 12:59:26,596 000100资产10740.0持仓0 
2020-03-05 12:59:26,596 trade 2018-03-29无交易 
2020-03-05 12:59:26,596 000100资产10740.0持仓0 
2020-03-05 12:59:26,596 trade:  buy 2018-03-30 3.47 OK  
2020-03-05 12:59:26,596 000100资产10740.0持仓2000 
2020-03-05 12:59:26,596 trade:  buy 2018-04-02 3.51 balance is not enough.  
2020-03-05 12:59:26,596 000100资产10820.0持仓2000 
2020-03-05 12:59:26,597 trade sell 2018-04-03 3.44 OK  
2020-03-05 12:59:26,597 000100资产10680.0持仓0 
2020-03-05 12:59:26,597 trade sell 2018-04-04 3.44 store is zero.  
2020-03-05 12:59:26,597 000100资产10680.0持仓0 
2020-03-05 12:59:26,597 trade sell 2018-04-09 3.4 store is zero.  
2020-03-05 12:59:26,597 000100资产10680.0持仓0 
2020-03-05 12:59:26,597 trade:  buy 2018-04-10 3.47 OK  
2020-03-05 12:59:26,597 000100资产10680.0持仓2000 
2020-03-05 12:59:26,598 trade:  buy 2018-04-11 3.47 balance is not enough.  
2020-03-05 12:59:26,598 000100资产10680.0持仓2000 
2020-03-05 12:59:26,598 trade 2018-04-12无交易 
2020-03-05 12:59:26,598 000100资产10640.0持仓2000 
2020-03-05 12:59:26,598 trade 2018-04-13无交易 
2020-03-05 12:59:26,598 000100资产10640.0持仓2000 
2020-03-05 12:59:26,598 trade sell 2018-04-16 3.39 OK  
2020-03-05 12:59:26,598 000100资产10520.0持仓0 
2020-03-05 12:59:26,598 trade sell 2018-04-17 3.35 store is zero.  
2020-03-05 12:59:26,599 000100资产10520.0持仓0 
2020-03-05 12:59:26,599 trade sell 2018-04-18 3.27 store is zero.  
2020-03-05 12:59:26,599 000100资产10520.0持仓0 
2020-03-05 12:59:26,599 trade sell 2018-04-19 3.3 store is zero.  
2020-03-05 12:59:26,599 000100资产10520.0持仓0 
2020-03-05 12:59:26,599 trade sell 2018-04-20 3.22 store is zero.  
2020-03-05 12:59:26,599 000100资产10520.0持仓0 
2020-03-05 12:59:26,599 trade sell 2018-04-23 3.23 store is zero.  
2020-03-05 12:59:26,600 000100资产10520.0持仓0 
2020-03-05 12:59:26,600 trade:  buy 2018-04-24 3.28 OK  
2020-03-05 12:59:26,600 000100资产10520.0持仓2000 
2020-03-05 12:59:26,600 trade:  buy 2018-04-25 3.33 balance is not enough.  
2020-03-05 12:59:26,600 000100资产10620.0持仓2000 
2020-03-05 12:59:26,600 trade 2018-04-26无交易 
2020-03-05 12:59:26,600 000100资产10520.0持仓2000 
2020-03-05 12:59:26,600 trade sell 2018-04-27 3.25 OK  
2020-03-05 12:59:26,601 000100资产10460.0持仓0 
2020-03-05 12:59:26,601 trade sell 2018-05-02 3.26 store is zero.  
2020-03-05 12:59:26,601 000100资产10460.0持仓0 
2020-03-05 12:59:26,601 trade:  buy 2018-05-03 3.35 OK  
2020-03-05 12:59:26,601 000100资产10460.0持仓2000 
2020-03-05 12:59:26,601 trade:  buy 2018-05-04 3.31 balance is not enough.  
2020-03-05 12:59:26,601 000100资产10380.0持仓2000 
2020-03-05 12:59:26,601 trade:  buy 2018-05-07 3.35 balance is not enough.  
2020-03-05 12:59:26,602 000100资产10460.0持仓2000 
2020-03-05 12:59:26,602 trade:  buy 2018-05-08 3.38 balance is not enough.  
2020-03-05 12:59:26,602 000100资产10520.0持仓2000 
2020-03-05 12:59:26,602 trade 2018-05-09无交易 
2020-03-05 12:59:26,602 000100资产10440.0持仓2000 
2020-03-05 12:59:26,602 trade 2018-05-10无交易 
2020-03-05 12:59:26,602 000100资产10420.0持仓2000 
2020-03-05 12:59:26,603 trade sell 2018-05-11 3.3 OK  
2020-03-05 12:59:26,603 000100资产10360.0持仓0 
2020-03-05 12:59:26,603 trade sell 2018-05-14 3.31 store is zero.  
2020-03-05 12:59:26,603 000100资产10360.0持仓0 
2020-03-05 12:59:26,603 trade 2018-05-15无交易 
2020-03-05 12:59:26,603 000100资产10360.0持仓0 
2020-03-05 12:59:26,603 trade sell 2018-05-16 3.27 store is zero.  
2020-03-05 12:59:26,604 000100资产10360.0持仓0 
2020-03-05 12:59:26,604 trade sell 2018-05-17 3.23 store is zero.  
2020-03-05 12:59:26,604 000100资产10360.0持仓0 
2020-03-05 12:59:26,604 trade sell 2018-05-18 3.25 store is zero.  
2020-03-05 12:59:26,604 000100资产10360.0持仓0 
2020-03-05 12:59:26,604 trade:  buy 2018-05-21 3.29 OK  
2020-03-05 12:59:26,605 000100资产10360.0持仓2000 
2020-03-05 12:59:26,605 trade 2018-05-22无交易 
2020-03-05 12:59:26,605 000100资产10340.0持仓2000 
2020-03-05 12:59:26,605 trade 2018-05-23无交易 
2020-03-05 12:59:26,606 000100资产10300.0持仓2000 
2020-03-05 12:59:26,606 trade sell 2018-05-24 3.24 OK  
2020-03-05 12:59:26,606 000100资产10260.0持仓0 
2020-03-05 12:59:26,606 trade sell 2018-05-25 3.22 store is zero.  
2020-03-05 12:59:26,606 000100资产10260.0持仓0 
2020-03-05 12:59:26,606 trade sell 2018-05-28 3.2 store is zero.  
2020-03-05 12:59:26,606 000100资产10260.0持仓0 
2020-03-05 12:59:26,606 trade 2018-05-29无交易 
2020-03-05 12:59:26,607 000100资产10260.0持仓0 
2020-03-05 12:59:26,607 trade sell 2018-05-30 3.14 store is zero.  
2020-03-05 12:59:26,607 000100资产10260.0持仓0 
2020-03-05 12:59:26,607 trade sell 2018-05-31 3.11 store is zero.  
2020-03-05 12:59:26,607 000100资产10260.0持仓0 
2020-03-05 12:59:26,607 trade sell 2018-06-01 3.1 store is zero.  
2020-03-05 12:59:26,607 000100资产10260.0持仓0 
2020-03-05 12:59:26,607 trade 2018-06-04无交易 
2020-03-05 12:59:26,608 000100资产10260.0持仓0 
2020-03-05 12:59:26,608 trade:  buy 2018-06-05 3.2 OK  
2020-03-05 12:59:26,608 000100资产10260.0持仓2000 
2020-03-05 12:59:26,608 trade:  buy 2018-06-06 3.18 balance is not enough.  
2020-03-05 12:59:26,608 000100资产10220.0持仓2000 
2020-03-05 12:59:26,608 trade:  buy 2018-06-07 3.18 balance is not enough.  
2020-03-05 12:59:26,608 000100资产10220.0持仓2000 
2020-03-05 12:59:26,608 trade sell 2018-06-08 3.13 OK  
2020-03-05 12:59:26,609 000100资产10120.0持仓0 
2020-03-05 12:59:26,609 trade sell 2018-06-11 3.12 store is zero.  
2020-03-05 12:59:26,609 000100资产10120.0持仓0 
2020-03-05 12:59:26,609 trade 2018-06-12无交易 
2020-03-05 12:59:26,609 000100资产10120.0持仓0 
2020-03-05 12:59:26,609 trade 2018-06-13无交易 
2020-03-05 12:59:26,609 000100资产10120.0持仓0 
2020-03-05 12:59:26,609 trade sell 2018-06-14 3.08 store is zero.  
2020-03-05 12:59:26,609 000100资产10120.0持仓0 
2020-03-05 12:59:26,610 trade sell 2018-06-15 3.05 store is zero.  
2020-03-05 12:59:26,610 000100资产10120.0持仓0 
2020-03-05 12:59:26,610 trade sell 2018-06-19 2.9 store is zero.  
2020-03-05 12:59:26,610 000100资产10120.0持仓0 
2020-03-05 12:59:26,610 trade sell 2018-06-20 2.89 store is zero.  
2020-03-05 12:59:26,610 000100资产10120.0持仓0 
2020-03-05 12:59:26,610 trade sell 2018-06-21 2.77 store is zero.  
2020-03-05 12:59:26,610 000100资产10120.0持仓0 
2020-03-05 12:59:26,611 trade sell 2018-06-22 2.8 store is zero.  
2020-03-05 12:59:26,611 000100资产10120.0持仓0 
2020-03-05 12:59:26,611 trade sell 2018-06-25 2.77 store is zero.  
2020-03-05 12:59:26,611 000100资产10120.0持仓0 
2020-03-05 12:59:26,611 trade:  buy 2018-06-26 2.84 OK  
2020-03-05 12:59:26,611 000100资产10120.0持仓2000 
2020-03-05 12:59:26,611 trade:  buy 2018-06-27 2.82 balance is not enough.  
2020-03-05 12:59:26,611 000100资产10080.0持仓2000 
2020-03-05 12:59:26,612 trade 2018-06-28无交易 
2020-03-05 12:59:26,612 000100资产10080.0持仓2000 
2020-03-05 12:59:26,612 trade:  buy 2018-06-29 2.9 balance is not enough.  
2020-03-05 12:59:26,612 000100资产10240.0持仓2000 
2020-03-05 12:59:26,612 trade sell 2018-07-02 2.82 OK  
2020-03-05 12:59:26,612 000100资产10080.0持仓0 
2020-03-05 12:59:26,612 trade 2018-07-03无交易 
2020-03-05 12:59:26,612 000100资产10080.0持仓0 
2020-03-05 12:59:26,612 trade sell 2018-07-04 2.78 store is zero.  
2020-03-05 12:59:26,613 000100资产10080.0持仓0 
2020-03-05 12:59:26,613 trade sell 2018-07-05 2.69 store is zero.  
2020-03-05 12:59:26,613 000100资产10080.0持仓0 
2020-03-05 12:59:26,613 trade sell 2018-07-06 2.74 store is zero.  
2020-03-05 12:59:26,613 000100资产10080.0持仓0 
2020-03-05 12:59:26,613 trade:  buy 2018-07-09 2.78 OK  
2020-03-05 12:59:26,613 000100资产10080.0持仓2000 
2020-03-05 12:59:26,613 trade:  buy 2018-07-10 2.78 balance is not enough.  
2020-03-05 12:59:26,614 000100资产10080.0持仓2000 
2020-03-05 12:59:26,614 trade sell 2018-07-11 2.7 OK  
2020-03-05 12:59:26,614 000100资产9920.0持仓0 
2020-03-05 12:59:26,614 trade:  buy 2018-07-12 2.85 OK  
2020-03-05 12:59:26,614 000100资产9920.0持仓2000 
2020-03-05 12:59:26,614 trade:  buy 2018-07-13 2.87 balance is not enough.  
2020-03-05 12:59:26,614 000100资产9960.0持仓2000 
2020-03-05 12:59:26,615 trade:  buy 2018-07-16 2.87 balance is not enough.  
2020-03-05 12:59:26,615 000100资产9960.0持仓2000 
2020-03-05 12:59:26,615 trade 2018-07-17无交易 
2020-03-05 12:59:26,615 000100资产9880.0持仓2000 
2020-03-05 12:59:26,616 trade sell 2018-07-18 2.82 OK  
2020-03-05 12:59:26,616 000100资产9860.0持仓0 
2020-03-05 12:59:26,616 trade sell 2018-07-19 2.78 store is zero.  
2020-03-05 12:59:26,616 000100资产9860.0持仓0 
2020-03-05 12:59:26,616 trade:  buy 2018-07-20 2.9 OK  
2020-03-05 12:59:26,616 000100资产9860.0持仓2000 
2020-03-05 12:59:26,616 trade:  buy 2018-07-23 2.99 balance is not enough.  
2020-03-05 12:59:26,616 000100资产10040.0持仓2000 
2020-03-05 12:59:26,617 trade:  buy 2018-07-24 3.09 balance is not enough.  
2020-03-05 12:59:26,617 000100资产10240.0持仓2000 
2020-03-05 12:59:26,617 trade:  buy 2018-07-25 3.06 balance is not enough.  
2020-03-05 12:59:26,617 000100资产10180.0持仓2000 
2020-03-05 12:59:26,617 trade:  buy 2018-07-26 3.05 balance is not enough.  
2020-03-05 12:59:26,617 000100资产10160.0持仓2000 
2020-03-05 12:59:26,617 trade sell 2018-07-27 3.0 OK  
2020-03-05 12:59:26,617 000100资产10060.0持仓0 
2020-03-05 12:59:26,617 trade sell 2018-07-30 3.01 store is zero.  
2020-03-05 12:59:26,618 000100资产10060.0持仓0 
2020-03-05 12:59:26,618 trade sell 2018-07-31 3.0 store is zero.  
2020-03-05 12:59:26,618 000100资产10060.0持仓0 
2020-03-05 12:59:26,618 trade sell 2018-08-01 2.9 store is zero.  
2020-03-05 12:59:26,618 000100资产10060.0持仓0 
2020-03-05 12:59:26,618 trade sell 2018-08-02 2.81 store is zero.  
2020-03-05 12:59:26,618 000100资产10060.0持仓0 
2020-03-05 12:59:26,618 trade sell 2018-08-03 2.77 store is zero.  
2020-03-05 12:59:26,619 000100资产10060.0持仓0 
2020-03-05 12:59:26,619 trade sell 2018-08-06 2.75 store is zero.  
2020-03-05 12:59:26,619 000100资产10060.0持仓0 
2020-03-05 12:59:26,619 trade:  buy 2018-08-07 2.84 OK  
2020-03-05 12:59:26,619 000100资产10060.0持仓2000 
2020-03-05 12:59:26,619 trade 2018-08-08无交易 
2020-03-05 12:59:26,619 000100资产9960.0持仓2000 
2020-03-05 12:59:26,620 trade:  buy 2018-08-09 2.86 balance is not enough.  
2020-03-05 12:59:26,620 000100资产10100.0持仓2000 
2020-03-05 12:59:26,620 trade:  buy 2018-08-10 2.84 balance is not enough.  
2020-03-05 12:59:26,620 000100资产10060.0持仓2000 
2020-03-05 12:59:26,620 trade 2018-08-13无交易 
2020-03-05 12:59:26,620 000100资产10040.0持仓2000 
2020-03-05 12:59:26,620 trade:  buy 2018-08-14 2.88 balance is not enough.  
2020-03-05 12:59:26,620 000100资产10140.0持仓2000 
2020-03-05 12:59:26,621 trade sell 2018-08-15 2.82 OK  
2020-03-05 12:59:26,621 000100资产10020.0持仓0 
2020-03-05 12:59:26,621 trade sell 2018-08-16 2.8 store is zero.  
2020-03-05 12:59:26,621 000100资产10020.0持仓0 
2020-03-05 12:59:26,621 trade sell 2018-08-17 2.78 store is zero.  
2020-03-05 12:59:26,622 000100资产10020.0持仓0 
2020-03-05 12:59:26,622 trade 2018-08-20无交易 
2020-03-05 12:59:26,622 000100资产10020.0持仓0 
2020-03-05 12:59:26,622 trade:  buy 2018-08-21 2.83 OK  
2020-03-05 12:59:26,622 000100资产10020.0持仓2000 
2020-03-05 12:59:26,622 trade 2018-08-22无交易 
2020-03-05 12:59:26,623 000100资产9940.0持仓2000 
2020-03-05 12:59:26,623 trade 2018-08-23无交易 
2020-03-05 12:59:26,623 000100资产9960.0持仓2000 
2020-03-05 12:59:26,623 trade 2018-08-24无交易 
2020-03-05 12:59:26,623 000100资产9960.0持仓2000 
2020-03-05 12:59:26,623 trade:  buy 2018-08-27 2.88 balance is not enough.  
2020-03-05 12:59:26,624 000100资产10120.0持仓2000 
2020-03-05 12:59:26,624 trade:  buy 2018-08-28 2.94 balance is not enough.  
2020-03-05 12:59:26,624 000100资产10240.0持仓2000 
2020-03-05 12:59:26,624 trade:  buy 2018-08-29 2.89 balance is not enough.  
2020-03-05 12:59:26,624 000100资产10140.0持仓2000 
2020-03-05 12:59:26,624 trade sell 2018-08-30 2.85 OK  
2020-03-05 12:59:26,624 000100资产10060.0持仓0 
2020-03-05 12:59:26,624 trade sell 2018-08-31 2.85 store is zero.  
2020-03-05 12:59:26,625 000100资产10060.0持仓0 
2020-03-05 12:59:26,625 trade sell 2018-09-03 2.8 store is zero.  
2020-03-05 12:59:26,625 000100资产10060.0持仓0 
2020-03-05 12:59:26,625 trade sell 2018-09-04 2.82 store is zero.  
2020-03-05 12:59:26,625 000100资产10060.0持仓0 
2020-03-05 12:59:26,625 trade sell 2018-09-05 2.77 store is zero.  
2020-03-05 12:59:26,625 000100资产10060.0持仓0 
2020-03-05 12:59:26,625 trade sell 2018-09-06 2.77 store is zero.  
2020-03-05 12:59:26,626 000100资产10060.0持仓0 
2020-03-05 12:59:26,626 trade sell 2018-09-07 2.77 store is zero.  
2020-03-05 12:59:26,626 000100资产10060.0持仓0 
2020-03-05 12:59:26,626 trade sell 2018-09-10 2.73 store is zero.  
2020-03-05 12:59:26,626 000100资产10060.0持仓0 
2020-03-05 12:59:26,626 trade sell 2018-09-11 2.71 store is zero.  
2020-03-05 12:59:26,626 000100资产10060.0持仓0 
2020-03-05 12:59:26,626 trade sell 2018-09-12 2.71 store is zero.  
2020-03-05 12:59:26,627 000100资产10060.0持仓0 
2020-03-05 12:59:26,627 trade 2018-09-13无交易 
2020-03-05 12:59:26,627 000100资产10060.0持仓0 
2020-03-05 12:59:26,627 trade 2018-09-14无交易 
2020-03-05 12:59:26,627 000100资产10060.0持仓0 
2020-03-05 12:59:26,627 trade sell 2018-09-17 2.68 store is zero.  
2020-03-05 12:59:26,627 000100资产10060.0持仓0 
2020-03-05 12:59:26,627 trade:  buy 2018-09-18 2.73 OK  
2020-03-05 12:59:26,627 000100资产10060.0持仓2000 
2020-03-05 12:59:26,628 trade:  buy 2018-09-19 2.75 balance is not enough.  
2020-03-05 12:59:26,628 000100资产10100.0持仓2000 
2020-03-05 12:59:26,628 trade:  buy 2018-09-20 2.75 balance is not enough.  
2020-03-05 12:59:26,628 000100资产10100.0持仓2000 
2020-03-05 12:59:26,628 trade:  buy 2018-09-21 2.83 balance is not enough.  
2020-03-05 12:59:26,628 000100资产10260.0持仓2000 
2020-03-05 12:59:26,628 trade:  buy 2018-09-25 2.82 balance is not enough.  
2020-03-05 12:59:26,628 000100资产10240.0持仓2000 
2020-03-05 12:59:26,629 trade:  buy 2018-09-26 2.82 balance is not enough.  
2020-03-05 12:59:26,629 000100资产10240.0持仓2000 
2020-03-05 12:59:26,629 trade sell 2018-09-27 2.77 OK  
2020-03-05 12:59:26,629 000100资产10140.0持仓0 
2020-03-05 12:59:26,629 trade 2018-09-28无交易 
2020-03-05 12:59:26,629 000100资产10140.0持仓0 
2020-03-05 12:59:26,629 trade sell 2018-10-08 2.74 store is zero.  
2020-03-05 12:59:26,629 000100资产10140.0持仓0 
2020-03-05 12:59:26,630 trade sell 2018-10-09 2.72 store is zero.  
2020-03-05 12:59:26,630 000100资产10140.0持仓0 
2020-03-05 12:59:26,630 trade sell 2018-10-10 2.72 store is zero.  
2020-03-05 12:59:26,630 000100资产10140.0持仓0 
2020-03-05 12:59:26,630 trade sell 2018-10-11 2.51 store is zero.  
2020-03-05 12:59:26,630 000100资产10140.0持仓0 
2020-03-05 12:59:26,630 trade sell 2018-10-12 2.48 store is zero.  
2020-03-05 12:59:26,631 000100资产10140.0持仓0 
2020-03-05 12:59:26,631 trade sell 2018-10-15 2.43 store is zero.  
2020-03-05 12:59:26,631 000100资产10140.0持仓0 
2020-03-05 12:59:26,631 trade sell 2018-10-16 2.39 store is zero.  
2020-03-05 12:59:26,631 000100资产10140.0持仓0 
2020-03-05 12:59:26,631 trade sell 2018-10-17 2.42 store is zero.  
2020-03-05 12:59:26,631 000100资产10140.0持仓0 
2020-03-05 12:59:26,631 trade sell 2018-10-18 2.32 store is zero.  
2020-03-05 12:59:26,632 000100资产10140.0持仓0 
2020-03-05 12:59:26,632 trade 2018-10-19无交易 
2020-03-05 12:59:26,632 000100资产10140.0持仓0 
2020-03-05 12:59:26,632 trade:  buy 2018-10-22 2.51 OK  
2020-03-05 12:59:26,632 000100资产10140.0持仓2000 
2020-03-05 12:59:26,632 trade:  buy 2018-10-23 2.46 OK  
2020-03-05 12:59:26,632 000100资产10040.0持仓4000 
2020-03-05 12:59:26,632 trade:  buy 2018-10-24 2.46 balance is not enough.  
2020-03-05 12:59:26,633 000100资产10040.0持仓4000 
2020-03-05 12:59:26,633 trade 2018-10-25无交易 
2020-03-05 12:59:26,633 000100资产9960.0持仓4000 
2020-03-05 12:59:26,633 trade sell 2018-10-26 2.44 OK  
2020-03-05 12:59:26,633 000100资产9960.0持仓0 
2020-03-05 12:59:26,633 trade sell 2018-10-29 2.41 store is zero.  
2020-03-05 12:59:26,633 000100资产9960.0持仓0 
2020-03-05 12:59:26,633 trade 2018-10-30无交易 
2020-03-05 12:59:26,634 000100资产9960.0持仓0 
2020-03-05 12:59:26,634 trade:  buy 2018-10-31 2.47 OK  
2020-03-05 12:59:26,634 000100资产9960.0持仓2000 
2020-03-05 12:59:26,634 trade:  buy 2018-11-01 2.47 OK  
2020-03-05 12:59:26,634 000100资产9960.0持仓4000 
2020-03-05 12:59:26,634 trade:  buy 2018-11-02 2.53 balance is not enough.  
2020-03-05 12:59:26,634 000100资产10200.0持仓4000 
2020-03-05 12:59:26,634 trade:  buy 2018-11-05 2.52 balance is not enough.  
2020-03-05 12:59:26,635 000100资产10160.0持仓4000 
2020-03-05 12:59:26,635 trade:  buy 2018-11-06 2.52 balance is not enough.  
2020-03-05 12:59:26,635 000100资产10160.0持仓4000 
2020-03-05 12:59:26,635 trade 2018-11-07无交易 
2020-03-05 12:59:26,635 000100资产10120.0持仓4000 
2020-03-05 12:59:26,635 trade sell 2018-11-08 2.5 OK  
2020-03-05 12:59:26,635 000100资产10080.0持仓0 
2020-03-05 12:59:26,636 trade sell 2018-11-09 2.47 store is zero.  
2020-03-05 12:59:26,636 000100资产10080.0持仓0 
2020-03-05 12:59:26,636 trade:  buy 2018-11-12 2.52 OK  
2020-03-05 12:59:26,636 000100资产10080.0持仓2000 
2020-03-05 12:59:26,636 trade:  buy 2018-11-13 2.6 balance is not enough.  
2020-03-05 12:59:26,636 000100资产10240.0持仓2000 
2020-03-05 12:59:26,636 trade:  buy 2018-11-14 2.57 balance is not enough.  
2020-03-05 12:59:26,636 000100资产10180.0持仓2000 
2020-03-05 12:59:26,637 trade:  buy 2018-11-15 2.6 balance is not enough.  
2020-03-05 12:59:26,637 000100资产10240.0持仓2000 
2020-03-05 12:59:26,637 trade:  buy 2018-11-16 2.61 balance is not enough.  
2020-03-05 12:59:26,637 000100资产10260.0持仓2000 
2020-03-05 12:59:26,637 trade 2018-11-19无交易 
2020-03-05 12:59:26,637 000100资产10240.0持仓2000 
2020-03-05 12:59:26,637 trade sell 2018-11-20 2.56 OK  
2020-03-05 12:59:26,637 000100资产10160.0持仓0 
2020-03-05 12:59:26,638 trade sell 2018-11-21 2.55 store is zero.  
2020-03-05 12:59:26,638 000100资产10160.0持仓0 
2020-03-05 12:59:26,639 trade 2018-11-22无交易 
2020-03-05 12:59:26,639 000100资产10160.0持仓0 
2020-03-05 12:59:26,639 trade sell 2018-11-23 2.45 store is zero.  
2020-03-05 12:59:26,639 000100资产10160.0持仓0 
2020-03-05 12:59:26,639 trade sell 2018-11-26 2.45 store is zero.  
2020-03-05 12:59:26,639 000100资产10160.0持仓0 
2020-03-05 12:59:26,640 trade sell 2018-11-27 2.45 store is zero.  
2020-03-05 12:59:26,640 000100资产10160.0持仓0 
2020-03-05 12:59:26,640 trade:  buy 2018-11-28 2.52 OK  
2020-03-05 12:59:26,640 000100资产10160.0持仓2000 
2020-03-05 12:59:26,640 trade sell 2018-11-29 2.45 OK  
2020-03-05 12:59:26,640 000100资产10020.0持仓0 
2020-03-05 12:59:26,641 trade 2018-11-30无交易 
2020-03-05 12:59:26,641 000100资产10020.0持仓0 
2020-03-05 12:59:26,641 trade:  buy 2018-12-03 2.54 OK  
2020-03-05 12:59:26,641 000100资产10020.0持仓2000 
2020-03-05 12:59:26,641 trade:  buy 2018-12-04 2.54 balance is not enough.  
2020-03-05 12:59:26,641 000100资产10020.0持仓2000 
2020-03-05 12:59:26,641 trade:  buy 2018-12-05 2.53 balance is not enough.  
2020-03-05 12:59:26,642 000100资产10000.0持仓2000 
2020-03-05 12:59:26,642 trade sell 2018-12-06 2.49 OK  
2020-03-05 12:59:26,642 000100资产9920.0持仓0 
2020-03-05 12:59:26,642 trade:  buy 2018-12-07 2.56 OK  
2020-03-05 12:59:26,642 000100资产9920.0持仓2000 
2020-03-05 12:59:26,642 trade sell 2018-12-10 2.41 OK  
2020-03-05 12:59:26,642 000100资产9620.0持仓0 
2020-03-05 12:59:26,642 trade sell 2018-12-11 2.42 store is zero.  
2020-03-05 12:59:26,643 000100资产9620.0持仓0 
2020-03-05 12:59:26,643 trade sell 2018-12-12 2.43 store is zero.  
2020-03-05 12:59:26,643 000100资产9620.0持仓0 
2020-03-05 12:59:26,643 trade 2018-12-13无交易 
2020-03-05 12:59:26,643 000100资产9620.0持仓0 
2020-03-05 12:59:26,643 trade:  buy 2018-12-14 2.45 OK  
2020-03-05 12:59:26,643 000100资产9620.0持仓2000 
2020-03-05 12:59:26,643 trade 2018-12-17无交易 
2020-03-05 12:59:26,643 000100资产9620.0持仓2000 
2020-03-05 12:59:26,644 trade 2018-12-18无交易 
2020-03-05 12:59:26,644 000100资产9580.0持仓2000 
2020-03-05 12:59:26,644 trade sell 2018-12-19 2.42 OK  
2020-03-05 12:59:26,644 000100资产9560.0持仓0 
2020-03-05 12:59:26,644 trade sell 2018-12-20 2.41 store is zero.  
2020-03-05 12:59:26,644 000100资产9560.0持仓0 
2020-03-05 12:59:26,644 trade sell 2018-12-21 2.4 store is zero.  
2020-03-05 12:59:26,644 000100资产9560.0持仓0 
2020-03-05 12:59:26,645 trade 2018-12-24无交易 
2020-03-05 12:59:26,645 000100资产9560.0持仓0 
2020-03-05 12:59:26,645 trade 2018-12-25无交易 
2020-03-05 12:59:26,645 000100资产9560.0持仓0 
2020-03-05 12:59:26,645 trade 2018-12-26无交易 
2020-03-05 12:59:26,645 000100资产9560.0持仓0 
2020-03-05 12:59:26,645 trade:  buy 2018-12-27 2.42 OK  
2020-03-05 12:59:26,645 000100资产9560.0持仓2000 
2020-03-05 12:59:26,646 trade:  buy 2018-12-28 2.45 balance is not enough.  
2020-03-05 12:59:26,646 000100资产9620.0持仓2000 
2020-03-05 12:59:26,646 trade:  buy 2019-01-02 2.51 balance is not enough.  
2020-03-05 12:59:26,646 000100资产9740.0持仓2000 
2020-03-05 12:59:26,646 trade:  buy 2019-01-03 2.53 balance is not enough.  
2020-03-05 12:59:26,646 000100资产9780.0持仓2000 
2020-03-05 12:59:26,646 trade:  buy 2019-01-04 2.57 balance is not enough.  
2020-03-05 12:59:26,646 000100资产9860.0持仓2000 
2020-03-05 12:59:26,647 trade:  buy 2019-01-07 2.66 balance is not enough.  
2020-03-05 12:59:26,647 000100资产10040.0持仓2000 
2020-03-05 12:59:26,647 trade:  buy 2019-01-08 2.84 balance is not enough.  
2020-03-05 12:59:26,647 000100资产10400.0持仓2000 
2020-03-05 12:59:26,647 trade:  buy 2019-01-09 2.82 balance is not enough.  
2020-03-05 12:59:26,647 000100资产10360.0持仓2000 
2020-03-05 12:59:26,647 trade sell 2019-01-10 2.69 OK  
2020-03-05 12:59:26,647 000100资产10100.0持仓0 
2020-03-05 12:59:26,648 trade 2019-01-11无交易 
2020-03-05 12:59:26,648 000100资产10100.0持仓0 
2020-03-05 12:59:26,648 trade sell 2019-01-14 2.7 store is zero.  
2020-03-05 12:59:26,648 000100资产10100.0持仓0 
2020-03-05 12:59:26,648 trade 2019-01-15无交易 
2020-03-05 12:59:26,648 000100资产10100.0持仓0 
2020-03-05 12:59:26,648 trade sell 2019-01-16 2.68 store is zero.  
2020-03-05 12:59:26,648 000100资产10100.0持仓0 
2020-03-05 12:59:26,648 trade sell 2019-01-17 2.67 store is zero.  
2020-03-05 12:59:26,649 000100资产10100.0持仓0 
2020-03-05 12:59:26,649 trade sell 2019-01-18 2.67 store is zero.  
2020-03-05 12:59:26,649 000100资产10100.0持仓0 
2020-03-05 12:59:26,649 trade:  buy 2019-01-21 2.73 OK  
2020-03-05 12:59:26,649 000100资产10100.0持仓2000 
2020-03-05 12:59:26,649 trade:  buy 2019-01-22 2.71 balance is not enough.  
2020-03-05 12:59:26,649 000100资产10060.0持仓2000 
2020-03-05 12:59:26,649 trade:  buy 2019-01-23 2.72 balance is not enough.  
2020-03-05 12:59:26,650 000100资产10080.0持仓2000 
2020-03-05 12:59:26,650 trade 2019-01-24无交易 
2020-03-05 12:59:26,650 000100资产10080.0持仓2000 
2020-03-05 12:59:26,650 trade 2019-01-25无交易 
2020-03-05 12:59:26,650 000100资产10080.0持仓2000 
2020-03-05 12:59:26,650 trade:  buy 2019-01-28 2.74 balance is not enough.  
2020-03-05 12:59:26,650 000100资产10120.0持仓2000 
2020-03-05 12:59:26,650 trade 2019-01-29无交易 
2020-03-05 12:59:26,651 000100资产10080.0持仓2000 
2020-03-05 12:59:26,651 trade:  buy 2019-01-30 2.76 balance is not enough.  
2020-03-05 12:59:26,651 000100资产10160.0持仓2000 
2020-03-05 12:59:26,651 trade 2019-01-31无交易 
2020-03-05 12:59:26,651 000100资产10140.0持仓2000 
2020-03-05 12:59:26,651 trade:  buy 2019-02-01 2.84 balance is not enough.  
2020-03-05 12:59:26,651 000100资产10320.0持仓2000 
2020-03-05 12:59:26,651 trade:  buy 2019-02-11 2.87 balance is not enough.  
2020-03-05 12:59:26,652 000100资产10380.0持仓2000 
2020-03-05 12:59:26,652 trade:  buy 2019-02-12 3.03 balance is not enough.  
2020-03-05 12:59:26,652 000100资产10700.0持仓2000 
2020-03-05 12:59:26,652 trade:  buy 2019-02-13 3.33 balance is not enough.  
2020-03-05 12:59:26,652 000100资产11300.0持仓2000 
2020-03-05 12:59:26,652 trade:  buy 2019-02-14 3.24 balance is not enough.  
2020-03-05 12:59:26,652 000100资产11120.0持仓2000 
2020-03-05 12:59:26,653 trade:  buy 2019-02-15 3.22 balance is not enough.  
2020-03-05 12:59:26,653 000100资产11080.0持仓2000 
2020-03-05 12:59:26,653 trade:  buy 2019-02-18 3.31 balance is not enough.  
2020-03-05 12:59:26,653 000100资产11260.0持仓2000 
2020-03-05 12:59:26,653 trade sell 2019-02-19 3.24 OK  
2020-03-05 12:59:26,654 000100资产11120.0持仓0 
2020-03-05 12:59:26,654 trade 2019-02-20无交易 
2020-03-05 12:59:26,654 000100资产11120.0持仓0 
2020-03-05 12:59:26,654 trade sell 2019-02-21 3.17 store is zero.  
2020-03-05 12:59:26,654 000100资产11120.0持仓0 
2020-03-05 12:59:26,655 trade sell 2019-02-22 3.19 store is zero.  
2020-03-05 12:59:26,655 000100资产11120.0持仓0 
2020-03-05 12:59:26,655 trade:  buy 2019-02-25 3.45 OK  
2020-03-05 12:59:26,655 000100资产11120.0持仓2000 
2020-03-05 12:59:26,655 trade:  buy 2019-02-26 3.42 balance is not enough.  
2020-03-05 12:59:26,656 000100资产11060.0持仓2000 
2020-03-05 12:59:26,656 trade sell 2019-02-27 3.25 OK  
2020-03-05 12:59:26,656 000100资产10720.0持仓0 
2020-03-05 12:59:26,656 trade sell 2019-02-28 3.23 store is zero.  
2020-03-05 12:59:26,656 000100资产10720.0持仓0 
2020-03-05 12:59:26,656 trade sell 2019-03-01 3.29 store is zero.  
2020-03-05 12:59:26,656 000100资产10720.0持仓0 
2020-03-05 12:59:26,656 trade:  buy 2019-03-04 3.45 OK  
2020-03-05 12:59:26,657 000100资产10720.0持仓2000 
2020-03-05 12:59:26,657 trade:  buy 2019-03-05 3.8 balance is not enough.  
2020-03-05 12:59:26,657 000100资产11420.0持仓2000 
2020-03-05 12:59:26,657 trade:  buy 2019-03-06 4.02 balance is not enough.  
2020-03-05 12:59:26,657 000100资产11860.0持仓2000 
2020-03-05 12:59:26,657 trade:  buy 2019-03-07 3.91 balance is not enough.  
2020-03-05 12:59:26,657 000100资产11640.0持仓2000 
2020-03-05 12:59:26,657 trade sell 2019-03-08 3.63 OK  
2020-03-05 12:59:26,658 000100资产11080.0持仓0 
2020-03-05 12:59:26,658 trade:  buy 2019-03-11 3.9 OK  
2020-03-05 12:59:26,658 000100资产11080.0持仓2000 
2020-03-05 12:59:26,658 trade 2019-03-12无交易 
2020-03-05 12:59:26,658 000100资产10980.0持仓2000 
2020-03-05 12:59:26,658 trade sell 2019-03-13 3.7 OK  
2020-03-05 12:59:26,658 000100资产10680.0持仓0 
2020-03-05 12:59:26,658 trade 2019-03-14无交易 
2020-03-05 12:59:26,659 000100资产10680.0持仓0 
2020-03-05 12:59:26,659 trade sell 2019-03-15 3.75 store is zero.  
2020-03-05 12:59:26,659 000100资产10680.0持仓0 
2020-03-05 12:59:26,659 trade 2019-03-18无交易 
2020-03-05 12:59:26,659 000100资产10680.0持仓0 
2020-03-05 12:59:26,659 trade:  buy 2019-03-19 3.83 OK  
2020-03-05 12:59:26,659 000100资产10680.0持仓2000 
2020-03-05 12:59:26,659 trade:  buy 2019-03-20 3.82 balance is not enough.  
2020-03-05 12:59:26,659 000100资产10660.0持仓2000 
2020-03-05 12:59:26,660 trade 2019-03-21无交易 
2020-03-05 12:59:26,660 000100资产10640.0持仓2000 
2020-03-05 12:59:26,660 trade:  buy 2019-03-22 4.04 balance is not enough.  
2020-03-05 12:59:26,660 000100资产11100.0持仓2000 
2020-03-05 12:59:26,660 trade:  buy 2019-03-25 4.44 balance is not enough.  
2020-03-05 12:59:26,660 000100资产11900.0持仓2000 
2020-03-05 12:59:26,660 trade:  buy 2019-03-26 4.1 balance is not enough.  
2020-03-05 12:59:26,660 000100资产11220.0持仓2000 
2020-03-05 12:59:26,661 trade:  buy 2019-03-27 4.15 balance is not enough.  
2020-03-05 12:59:26,661 000100资产11320.0持仓2000 
2020-03-05 12:59:26,661 trade sell 2019-03-28 4.02 OK  
2020-03-05 12:59:26,661 000100资产11060.0持仓0 
2020-03-05 12:59:26,661 trade sell 2019-03-29 4.06 store is zero.  
2020-03-05 12:59:26,661 000100资产11060.0持仓0 
2020-03-05 12:59:26,661 trade:  buy 2019-04-01 4.16 OK  
2020-03-05 12:59:26,662 000100资产11060.0持仓2000 
2020-03-05 12:59:26,662 trade 2019-04-02无交易 
2020-03-05 12:59:26,662 000100资产10940.0持仓2000 
2020-03-05 12:59:26,662 trade 2019-04-03无交易 
2020-03-05 12:59:26,662 000100资产10960.0持仓2000 
2020-03-05 12:59:26,662 trade sell 2019-04-04 4.08 OK  
2020-03-05 12:59:26,662 000100资产10900.0持仓0 
2020-03-05 12:59:26,662 trade sell 2019-04-08 4.0 store is zero.  
2020-03-05 12:59:26,663 000100资产10900.0持仓0 
2020-03-05 12:59:26,663 trade 2019-04-09无交易 
2020-03-05 12:59:26,663 000100资产10900.0持仓0 
2020-03-05 12:59:26,663 trade sell 2019-04-10 4.02 store is zero.  
2020-03-05 12:59:26,663 000100资产10900.0持仓0 
2020-03-05 12:59:26,663 trade sell 2019-04-11 3.91 store is zero.  
2020-03-05 12:59:26,663 000100资产10900.0持仓0 
2020-03-05 12:59:26,663 trade sell 2019-04-12 3.84 store is zero.  
2020-03-05 12:59:26,664 000100资产10900.0持仓0 
2020-03-05 12:59:26,664 trade sell 2019-04-15 3.83 store is zero.  
2020-03-05 12:59:26,664 000100资产10900.0持仓0 
2020-03-05 12:59:26,664 trade:  buy 2019-04-16 3.94 OK  
2020-03-05 12:59:26,664 000100资产10900.0持仓2000 
2020-03-05 12:59:26,664 trade:  buy 2019-04-17 3.96 balance is not enough.  
2020-03-05 12:59:26,664 000100资产10940.0持仓2000 
2020-03-05 12:59:26,665 trade sell 2019-04-18 3.82 OK  
2020-03-05 12:59:26,665 000100资产10660.0持仓0 
2020-03-05 12:59:26,665 trade sell 2019-04-19 3.82 store is zero.  
2020-03-05 12:59:26,665 000100资产10660.0持仓0 
2020-03-05 12:59:26,665 trade sell 2019-04-22 3.77 store is zero.  
2020-03-05 12:59:26,665 000100资产10660.0持仓0 
2020-03-05 12:59:26,665 trade sell 2019-04-23 3.71 store is zero.  
2020-03-05 12:59:26,665 000100资产10660.0持仓0 
2020-03-05 12:59:26,666 trade:  buy 2019-04-24 3.83 OK  
2020-03-05 12:59:26,666 000100资产10660.0持仓2000 
2020-03-05 12:59:26,666 trade sell 2019-04-25 3.66 OK  
2020-03-05 12:59:26,666 000100资产10320.0持仓0 
2020-03-05 12:59:26,666 trade sell 2019-04-26 3.6 store is zero.  
2020-03-05 12:59:26,666 000100资产10320.0持仓0 
2020-03-05 12:59:26,666 trade sell 2019-04-29 3.5 store is zero.  
2020-03-05 12:59:26,666 000100资产10320.0持仓0 
2020-03-05 12:59:26,667 trade sell 2019-04-30 3.59 store is zero.  
2020-03-05 12:59:26,667 000100资产10320.0持仓0 
2020-03-05 12:59:26,667 trade sell 2019-05-06 3.37 store is zero.  
2020-03-05 12:59:26,667 000100资产10320.0持仓0 
2020-03-05 12:59:26,667 trade sell 2019-05-07 3.43 store is zero.  
2020-03-05 12:59:26,667 000100资产10320.0持仓0 
2020-03-05 12:59:26,667 trade:  buy 2019-05-08 3.51 OK  
2020-03-05 12:59:26,667 000100资产10320.0持仓2000 
2020-03-05 12:59:26,667 trade 2019-05-09无交易 
2020-03-05 12:59:26,668 000100资产10260.0持仓2000 
2020-03-05 12:59:26,668 trade:  buy 2019-05-10 3.55 balance is not enough.  
2020-03-05 12:59:26,668 000100资产10400.0持仓2000 
2020-03-05 12:59:26,668 trade:  buy 2019-05-13 3.52 balance is not enough.  
2020-03-05 12:59:26,668 000100资产10340.0持仓2000 
2020-03-05 12:59:26,668 trade sell 2019-05-14 3.49 OK  
2020-03-05 12:59:26,668 000100资产10280.0持仓0 
2020-03-05 12:59:26,668 trade:  buy 2019-05-15 3.54 OK  
2020-03-05 12:59:26,669 000100资产10280.0持仓2000 
2020-03-05 12:59:26,669 trade 2019-05-16无交易 
2020-03-05 12:59:26,669 000100资产10260.0持仓2000 
2020-03-05 12:59:26,669 trade sell 2019-05-17 3.41 OK  
2020-03-05 12:59:26,669 000100资产10020.0持仓0 
2020-03-05 12:59:26,669 trade sell 2019-05-20 3.41 store is zero.  
2020-03-05 12:59:26,670 000100资产10020.0持仓0 
2020-03-05 12:59:26,670 trade sell 2019-05-21 3.42 store is zero.  
2020-03-05 12:59:26,670 000100资产10020.0持仓0 
2020-03-05 12:59:26,670 trade sell 2019-05-22 3.37 store is zero.  
2020-03-05 12:59:26,670 000100资产10020.0持仓0 
2020-03-05 12:59:26,670 trade sell 2019-05-23 3.28 store is zero.  
2020-03-05 12:59:26,670 000100资产10020.0持仓0 
2020-03-05 12:59:26,670 trade sell 2019-05-24 3.27 store is zero.  
2020-03-05 12:59:26,671 000100资产10020.0持仓0 
2020-03-05 12:59:26,671 trade:  buy 2019-05-27 3.39 OK  
2020-03-05 12:59:26,671 000100资产10020.0持仓2000 
2020-03-05 12:59:26,671 trade 2019-05-28无交易 
2020-03-05 12:59:26,671 000100资产9920.0持仓2000 
2020-03-05 12:59:26,671 trade 2019-05-29无交易 
2020-03-05 12:59:26,672 000100资产9880.0持仓2000 
2020-03-05 12:59:26,672 trade 2019-05-30无交易 
2020-03-05 12:59:26,672 000100资产9920.0持仓2000 
2020-03-05 12:59:26,672 trade sell 2019-05-31 3.31 OK  
2020-03-05 12:59:26,672 000100资产9860.0持仓0 
2020-03-05 12:59:26,672 trade sell 2019-06-03 3.29 store is zero.  
2020-03-05 12:59:26,673 000100资产9860.0持仓0 
2020-03-05 12:59:26,673 trade sell 2019-06-04 3.22 store is zero.  
2020-03-05 12:59:26,673 000100资产9860.0持仓0 
2020-03-05 12:59:26,673 trade sell 2019-06-05 3.2 store is zero.  
2020-03-05 12:59:26,673 000100资产9860.0持仓0 
2020-03-05 12:59:26,673 trade sell 2019-06-06 3.13 store is zero.  
2020-03-05 12:59:26,674 000100资产9860.0持仓0 
2020-03-05 12:59:26,674 trade 2019-06-10无交易 
2020-03-05 12:59:26,674 000100资产9860.0持仓0 
2020-03-05 12:59:26,674 trade:  buy 2019-06-11 3.33 OK  
2020-03-05 12:59:26,674 000100资产9860.0持仓2000 
2020-03-05 12:59:26,674 trade:  buy 2019-06-12 3.27 balance is not enough.  
2020-03-05 12:59:26,674 000100资产9740.0持仓2000 
2020-03-05 12:59:26,675 trade:  buy 2019-06-13 3.27 balance is not enough.  
2020-03-05 12:59:26,675 000100资产9740.0持仓2000 
2020-03-05 12:59:26,675 trade sell 2019-06-14 3.2 OK  
2020-03-05 12:59:26,675 000100资产9600.0持仓0 
2020-03-05 12:59:26,675 trade sell 2019-06-17 3.19 store is zero.  
2020-03-05 12:59:26,675 000100资产9600.0持仓0 
2020-03-05 12:59:26,675 trade sell 2019-06-18 3.18 store is zero.  
2020-03-05 12:59:26,675 000100资产9600.0持仓0 
2020-03-05 12:59:26,676 trade 2019-06-19无交易 
2020-03-05 12:59:26,676 000100资产9600.0持仓0 
2020-03-05 12:59:26,676 trade:  buy 2019-06-20 3.27 OK  
2020-03-05 12:59:26,676 000100资产9600.0持仓2000 
2020-03-05 12:59:26,676 trade:  buy 2019-06-21 3.29 balance is not enough.  
2020-03-05 12:59:26,676 000100资产9640.0持仓2000 
2020-03-05 12:59:26,676 trade:  buy 2019-06-24 3.28 balance is not enough.  
2020-03-05 12:59:26,676 000100资产9620.0持仓2000 
2020-03-05 12:59:26,677 trade 2019-06-25无交易 
2020-03-05 12:59:26,677 000100资产9560.0持仓2000 
2020-03-05 12:59:26,677 trade 2019-06-26无交易 
2020-03-05 12:59:26,677 000100资产9580.0持仓2000 
2020-03-05 12:59:26,677 trade 2019-06-27无交易 
2020-03-05 12:59:26,677 000100资产9640.0持仓2000 
2020-03-05 12:59:26,677 trade:  buy 2019-06-28 3.33 balance is not enough.  
2020-03-05 12:59:26,677 000100资产9720.0持仓2000 
2020-03-05 12:59:26,677 trade:  buy 2019-07-01 3.6 balance is not enough.  
2020-03-05 12:59:26,678 000100资产10260.0持仓2000 
2020-03-05 12:59:26,678 trade:  buy 2019-07-02 3.47 balance is not enough.  
2020-03-05 12:59:26,678 000100资产10000.0持仓2000 
2020-03-05 12:59:26,678 trade sell 2019-07-03 3.39 OK  
2020-03-05 12:59:26,678 000100资产9840.0持仓0 
2020-03-05 12:59:26,678 trade sell 2019-07-04 3.34 store is zero.  
2020-03-05 12:59:26,678 000100资产9840.0持仓0 
2020-03-05 12:59:26,679 trade sell 2019-07-05 3.36 store is zero.  
2020-03-05 12:59:26,679 000100资产9840.0持仓0 
2020-03-05 12:59:26,679 trade sell 2019-07-08 3.24 store is zero.  
2020-03-05 12:59:26,679 000100资产9840.0持仓0 
2020-03-05 12:59:26,679 trade sell 2019-07-09 3.25 store is zero.  
2020-03-05 12:59:26,679 000100资产9840.0持仓0 
2020-03-05 12:59:26,679 trade 2019-07-10无交易 
2020-03-05 12:59:26,679 000100资产9840.0持仓0 
2020-03-05 12:59:26,680 trade sell 2019-07-11 3.26 store is zero.  
2020-03-05 12:59:26,680 000100资产9840.0持仓0 
2020-03-05 12:59:26,680 trade:  buy 2019-07-12 3.33 OK  
2020-03-05 12:59:26,680 000100资产9840.0持仓2000 
2020-03-05 12:59:26,680 trade:  buy 2019-07-15 3.37 balance is not enough.  
2020-03-05 12:59:26,680 000100资产9920.0持仓2000 
2020-03-05 12:59:26,680 trade:  buy 2019-07-16 3.42 balance is not enough.  
2020-03-05 12:59:26,680 000100资产10020.0持仓2000 
2020-03-05 12:59:26,681 trade:  buy 2019-07-17 3.47 balance is not enough.  
2020-03-05 12:59:26,681 000100资产10120.0持仓2000 
2020-03-05 12:59:26,681 trade 2019-07-18无交易 
2020-03-05 12:59:26,681 000100资产9940.0持仓2000 
2020-03-05 12:59:26,681 trade sell 2019-07-19 3.37 OK  
2020-03-05 12:59:26,681 000100资产9920.0持仓0 
2020-03-05 12:59:26,681 trade sell 2019-07-22 3.32 store is zero.  
2020-03-05 12:59:26,681 000100资产9920.0持仓0 
2020-03-05 12:59:26,682 trade sell 2019-07-23 3.34 store is zero.  
2020-03-05 12:59:26,682 000100资产9920.0持仓0 
2020-03-05 12:59:26,682 trade:  buy 2019-07-24 3.39 OK  
2020-03-05 12:59:26,682 000100资产9920.0持仓2000 
2020-03-05 12:59:26,682 trade:  buy 2019-07-25 3.49 balance is not enough.  
2020-03-05 12:59:26,682 000100资产10120.0持仓2000 
2020-03-05 12:59:26,682 trade:  buy 2019-07-26 3.47 balance is not enough.  
2020-03-05 12:59:26,682 000100资产10080.0持仓2000 
2020-03-05 12:59:26,683 trade:  buy 2019-07-29 3.51 balance is not enough.  
2020-03-05 12:59:26,683 000100资产10160.0持仓2000 
2020-03-05 12:59:26,683 trade 2019-07-30无交易 
2020-03-05 12:59:26,683 000100资产10080.0持仓2000 
2020-03-05 12:59:26,683 trade sell 2019-07-31 3.4 OK  
2020-03-05 12:59:26,683 000100资产9940.0持仓0 
2020-03-05 12:59:26,683 trade sell 2019-08-01 3.43 store is zero.  
2020-03-05 12:59:26,683 000100资产9940.0持仓0 
2020-03-05 12:59:26,684 trade sell 2019-08-02 3.34 store is zero.  
2020-03-05 12:59:26,684 000100资产9940.0持仓0 
2020-03-05 12:59:26,684 trade sell 2019-08-05 3.25 store is zero.  
2020-03-05 12:59:26,684 000100资产9940.0持仓0 
2020-03-05 12:59:26,684 trade sell 2019-08-06 3.14 store is zero.  
2020-03-05 12:59:26,684 000100资产9940.0持仓0 
2020-03-05 12:59:26,684 trade sell 2019-08-07 3.13 store is zero.  
2020-03-05 12:59:26,684 000100资产9940.0持仓0 
2020-03-05 12:59:26,685 trade sell 2019-08-08 3.17 store is zero.  
2020-03-05 12:59:26,685 000100资产9940.0持仓0 
2020-03-05 12:59:26,685 trade sell 2019-08-09 3.13 store is zero.  
2020-03-05 12:59:26,685 000100资产9940.0持仓0 
2020-03-05 12:59:26,685 trade:  buy 2019-08-12 3.2 OK  
2020-03-05 12:59:26,685 000100资产9940.0持仓2000 
2020-03-05 12:59:26,685 trade:  buy 2019-08-13 3.23 balance is not enough.  
2020-03-05 12:59:26,686 000100资产10000.0持仓2000 
2020-03-05 12:59:26,686 trade:  buy 2019-08-14 3.38 balance is not enough.  
2020-03-05 12:59:26,686 000100资产10300.0持仓2000 
2020-03-05 12:59:26,686 trade:  buy 2019-08-15 3.44 balance is not enough.  
2020-03-05 12:59:26,686 000100资产10420.0持仓2000 
2020-03-05 12:59:26,686 trade:  buy 2019-08-16 3.41 balance is not enough.  
2020-03-05 12:59:26,686 000100资产10360.0持仓2000 
2020-03-05 12:59:26,686 trade:  buy 2019-08-19 3.49 balance is not enough.  
2020-03-05 12:59:26,687 000100资产10520.0持仓2000 
2020-03-05 12:59:26,687 trade 2019-08-20无交易 
2020-03-05 12:59:26,687 000100资产10380.0持仓2000 
2020-03-05 12:59:26,687 trade sell 2019-08-21 3.38 OK  
2020-03-05 12:59:26,688 000100资产10300.0持仓0 
2020-03-05 12:59:26,688 trade sell 2019-08-22 3.4 store is zero.  
2020-03-05 12:59:26,688 000100资产10300.0持仓0 
2020-03-05 12:59:26,688 trade sell 2019-08-23 3.35 store is zero.  
2020-03-05 12:59:26,689 000100资产10300.0持仓0 
2020-03-05 12:59:26,689 trade sell 2019-08-26 3.27 store is zero.  
2020-03-05 12:59:26,689 000100资产10300.0持仓0 
2020-03-05 12:59:26,689 trade sell 2019-08-27 3.32 store is zero.  
2020-03-05 12:59:26,690 000100资产10300.0持仓0 
2020-03-05 12:59:26,690 trade sell 2019-08-28 3.27 store is zero.  
2020-03-05 12:59:26,690 000100资产10300.0持仓0 
2020-03-05 12:59:26,690 trade sell 2019-08-29 3.25 store is zero.  
2020-03-05 12:59:26,690 000100资产10300.0持仓0 
2020-03-05 12:59:26,690 trade sell 2019-08-30 3.22 store is zero.  
2020-03-05 12:59:26,691 000100资产10300.0持仓0 
2020-03-05 12:59:26,691 trade 2019-09-02无交易 
2020-03-05 12:59:26,691 000100资产10300.0持仓0 
2020-03-05 12:59:26,691 trade:  buy 2019-09-03 3.28 OK  
2020-03-05 12:59:26,691 000100资产10300.0持仓2000 
2020-03-05 12:59:26,691 trade:  buy 2019-09-04 3.32 balance is not enough.  
2020-03-05 12:59:26,691 000100资产10380.0持仓2000 
2020-03-05 12:59:26,691 trade:  buy 2019-09-05 3.41 balance is not enough.  
2020-03-05 12:59:26,692 000100资产10560.0持仓2000 
2020-03-05 12:59:26,692 trade:  buy 2019-09-06 3.42 balance is not enough.  
2020-03-05 12:59:26,692 000100资产10580.0持仓2000 
2020-03-05 12:59:26,692 trade:  buy 2019-09-09 3.55 balance is not enough.  
2020-03-05 12:59:26,692 000100资产10840.0持仓2000 
2020-03-05 12:59:26,692 trade:  buy 2019-09-10 3.58 balance is not enough.  
2020-03-05 12:59:26,692 000100资产10900.0持仓2000 
2020-03-05 12:59:26,692 trade:  buy 2019-09-11 3.76 balance is not enough.  
2020-03-05 12:59:26,693 000100资产11260.0持仓2000 
2020-03-05 12:59:26,693 trade:  buy 2019-09-12 3.72 balance is not enough.  
2020-03-05 12:59:26,693 000100资产11180.0持仓2000 
2020-03-05 12:59:26,693 trade:  buy 2019-09-16 3.69 balance is not enough.  
2020-03-05 12:59:26,693 000100资产11120.0持仓2000 
2020-03-05 12:59:26,693 trade 2019-09-17无交易 
2020-03-05 12:59:26,693 000100资产11140.0持仓2000 
2020-03-05 12:59:26,694 trade sell 2019-09-18 3.66 OK  
2020-03-05 12:59:26,694 000100资产11060.0持仓0 
2020-03-05 12:59:26,694 trade:  buy 2019-09-19 3.81 OK  
2020-03-05 12:59:26,694 000100资产11060.0持仓2000 
2020-03-05 12:59:26,694 trade:  buy 2019-09-20 3.78 balance is not enough.  
2020-03-05 12:59:26,694 000100资产11000.0持仓2000 
2020-03-05 12:59:26,694 trade:  buy 2019-09-23 3.81 balance is not enough.  
2020-03-05 12:59:26,694 000100资产11060.0持仓2000 
2020-03-05 12:59:26,695 trade:  buy 2019-09-24 3.82 balance is not enough.  
2020-03-05 12:59:26,695 000100资产11080.0持仓2000 
2020-03-05 12:59:26,695 trade sell 2019-09-25 3.64 OK  
2020-03-05 12:59:26,695 000100资产10720.0持仓0 
2020-03-05 12:59:26,695 trade sell 2019-09-26 3.61 store is zero.  
2020-03-05 12:59:26,695 000100资产10720.0持仓0 
2020-03-05 12:59:26,695 trade sell 2019-09-27 3.65 store is zero.  
2020-03-05 12:59:26,695 000100资产10720.0持仓0 
2020-03-05 12:59:26,695 trade sell 2019-09-30 3.56 store is zero.  
2020-03-05 12:59:26,696 000100资产10720.0持仓0 
2020-03-05 12:59:26,696 trade sell 2019-10-08 3.52 store is zero.  
2020-03-05 12:59:26,696 000100资产10720.0持仓0 
2020-03-05 12:59:26,696 trade sell 2019-10-09 3.5 store is zero.  
2020-03-05 12:59:26,696 000100资产10720.0持仓0 
2020-03-05 12:59:26,696 trade 2019-10-10无交易 
2020-03-05 12:59:26,696 000100资产10720.0持仓0 
2020-03-05 12:59:26,696 trade 2019-10-11无交易 
2020-03-05 12:59:26,697 000100资产10720.0持仓0 
2020-03-05 12:59:26,697 trade:  buy 2019-10-14 3.58 OK  
2020-03-05 12:59:26,697 000100资产10720.0持仓2000 
2020-03-05 12:59:26,697 trade sell 2019-10-15 3.5 OK  
2020-03-05 12:59:26,697 000100资产10560.0持仓0 
2020-03-05 12:59:26,697 trade sell 2019-10-16 3.5 store is zero.  
2020-03-05 12:59:26,697 000100资产10560.0持仓0 
2020-03-05 12:59:26,697 trade sell 2019-10-17 3.5 store is zero.  
2020-03-05 12:59:26,697 000100资产10560.0持仓0 
2020-03-05 12:59:26,698 trade sell 2019-10-18 3.4 store is zero.  
2020-03-05 12:59:26,698 000100资产10560.0持仓0 
2020-03-05 12:59:26,698 trade sell 2019-10-21 3.35 store is zero.  
2020-03-05 12:59:26,698 000100资产10560.0持仓0 
2020-03-05 12:59:26,698 trade sell 2019-10-22 3.36 store is zero.  
2020-03-05 12:59:26,698 000100资产10560.0持仓0 
2020-03-05 12:59:26,698 trade sell 2019-10-23 3.36 store is zero.  
2020-03-05 12:59:26,699 000100资产10560.0持仓0 
2020-03-05 12:59:26,699 trade 2019-10-24无交易 
2020-03-05 12:59:26,699 000100资产10560.0持仓0 
2020-03-05 12:59:26,699 trade 2019-10-25无交易 
2020-03-05 12:59:26,699 000100资产10560.0持仓0 
2020-03-05 12:59:26,699 trade:  buy 2019-10-28 3.44 OK  
2020-03-05 12:59:26,699 000100资产10560.0持仓2000 
2020-03-05 12:59:26,699 trade sell 2019-10-29 3.35 OK  
2020-03-05 12:59:26,700 000100资产10380.0持仓0 
2020-03-05 12:59:26,700 trade sell 2019-10-30 3.33 store is zero.  
2020-03-05 12:59:26,700 000100资产10380.0持仓0 
2020-03-05 12:59:26,700 trade sell 2019-10-31 3.29 store is zero.  
2020-03-05 12:59:26,700 000100资产10380.0持仓0 
2020-03-05 12:59:26,700 trade:  buy 2019-11-01 3.39 OK  
2020-03-05 12:59:26,700 000100资产10380.0持仓2000 
2020-03-05 12:59:26,700 trade:  buy 2019-11-04 3.45 balance is not enough.  
2020-03-05 12:59:26,701 000100资产10500.0持仓2000 
2020-03-05 12:59:26,701 trade:  buy 2019-11-05 3.45 balance is not enough.  
2020-03-05 12:59:26,701 000100资产10500.0持仓2000 
2020-03-05 12:59:26,701 trade:  buy 2019-11-06 3.49 balance is not enough.  
2020-03-05 12:59:26,701 000100资产10580.0持仓2000 
2020-03-05 12:59:26,701 trade:  buy 2019-11-07 3.62 balance is not enough.  
2020-03-05 12:59:26,701 000100资产10840.0持仓2000 
2020-03-05 12:59:26,702 trade:  buy 2019-11-08 3.6 balance is not enough.  
2020-03-05 12:59:26,702 000100资产10800.0持仓2000 
2020-03-05 12:59:26,702 trade sell 2019-11-11 3.49 OK  
2020-03-05 12:59:26,702 000100资产10580.0持仓0 
2020-03-05 12:59:26,702 trade sell 2019-11-12 3.51 store is zero.  
2020-03-05 12:59:26,702 000100资产10580.0持仓0 
2020-03-05 12:59:26,703 trade sell 2019-11-13 3.41 store is zero.  
2020-03-05 12:59:26,703 000100资产10580.0持仓0 
2020-03-05 12:59:26,703 trade:  buy 2019-11-14 3.54 OK  
2020-03-05 12:59:26,703 000100资产10580.0持仓2000 
2020-03-05 12:59:26,703 trade 2019-11-15无交易 
2020-03-05 12:59:26,703 000100资产10460.0持仓2000 
2020-03-05 12:59:26,703 trade:  buy 2019-11-18 3.52 balance is not enough.  
2020-03-05 12:59:26,704 000100资产10540.0持仓2000 
2020-03-05 12:59:26,704 trade:  buy 2019-11-19 3.51 balance is not enough.  
2020-03-05 12:59:26,704 000100资产10520.0持仓2000 
2020-03-05 12:59:26,704 trade sell 2019-11-20 3.48 OK  
2020-03-05 12:59:26,704 000100资产10460.0持仓0 
2020-03-05 12:59:26,704 trade 2019-11-21无交易 
2020-03-05 12:59:26,705 000100资产10460.0持仓0 
2020-03-05 12:59:26,705 trade 2019-11-22无交易 
2020-03-05 12:59:26,705 000100资产10460.0持仓0 
2020-03-05 12:59:26,705 trade:  buy 2019-11-25 3.59 OK  
2020-03-05 12:59:26,705 000100资产10460.0持仓2000 
2020-03-05 12:59:26,706 trade:  buy 2019-11-26 3.74 balance is not enough.  
2020-03-05 12:59:26,706 000100资产10760.0持仓2000 
2020-03-05 12:59:26,706 trade:  buy 2019-11-27 3.72 balance is not enough.  
2020-03-05 12:59:26,706 000100资产10720.0持仓2000 
2020-03-05 12:59:26,706 trade:  buy 2019-11-28 3.74 balance is not enough.  
2020-03-05 12:59:26,706 000100资产10760.0持仓2000 
2020-03-05 12:59:26,707 trade:  buy 2019-11-29 3.84 balance is not enough.  
2020-03-05 12:59:26,707 000100资产10960.0持仓2000 
2020-03-05 12:59:26,707 trade 2019-12-02无交易 
2020-03-05 12:59:26,707 000100资产10840.0持仓2000 
2020-03-05 12:59:26,707 trade:  buy 2019-12-03 3.84 balance is not enough.  
2020-03-05 12:59:26,707 000100资产10960.0持仓2000 
2020-03-05 12:59:26,708 trade:  buy 2019-12-04 3.94 balance is not enough.  
2020-03-05 12:59:26,708 000100资产11160.0持仓2000 
2020-03-05 12:59:26,708 trade:  buy 2019-12-05 3.95 balance is not enough.  
2020-03-05 12:59:26,708 000100资产11180.0持仓2000 
2020-03-05 12:59:26,708 trade:  buy 2019-12-06 3.96 balance is not enough.  
2020-03-05 12:59:26,708 000100资产11200.0持仓2000 
2020-03-05 12:59:26,708 trade:  buy 2019-12-09 4.09 balance is not enough.  
2020-03-05 12:59:26,708 000100资产11460.0持仓2000 
2020-03-05 12:59:26,708 trade:  buy 2019-12-10 4.13 balance is not enough.  
2020-03-05 12:59:26,709 000100资产11540.0持仓2000 
2020-03-05 12:59:26,709 trade sell 2019-12-11 3.9 OK  
2020-03-05 12:59:26,709 000100资产11080.0持仓0 
2020-03-05 12:59:26,709 trade sell 2019-12-12 3.91 store is zero.  
2020-03-05 12:59:26,709 000100资产11080.0持仓0 
2020-03-05 12:59:26,709 trade sell 2019-12-13 3.94 store is zero.  
2020-03-05 12:59:26,709 000100资产11080.0持仓0 
2020-03-05 12:59:26,709 trade:  buy 2019-12-16 4.33 OK  
2020-03-05 12:59:26,710 000100资产11080.0持仓2000 
2020-03-05 12:59:26,710 trade:  buy 2019-12-17 4.45 balance is not enough.  
2020-03-05 12:59:26,710 000100资产11320.0持仓2000 
2020-03-05 12:59:26,710 trade:  buy 2019-12-18 4.44 balance is not enough.  
2020-03-05 12:59:26,710 000100资产11300.0持仓2000 
2020-03-05 12:59:26,710 trade:  buy 2019-12-19 4.43 balance is not enough.  
2020-03-05 12:59:26,710 000100资产11280.0持仓2000 
2020-03-05 12:59:26,710 trade sell 2019-12-20 4.35 OK  
2020-03-05 12:59:26,711 000100资产11120.0持仓0 
2020-03-05 12:59:26,711 trade 2019-12-23无交易 
2020-03-05 12:59:26,711 000100资产11120.0持仓0 
2020-03-05 12:59:26,711 trade:  buy 2019-12-24 4.47 OK  
2020-03-05 12:59:26,711 000100资产11120.0持仓2000 
2020-03-05 12:59:26,711 trade:  buy 2019-12-25 4.48 balance is not enough.  
2020-03-05 12:59:26,711 000100资产11140.0持仓2000 
2020-03-05 12:59:26,711 trade:  buy 2019-12-26 4.69 balance is not enough.  
2020-03-05 12:59:26,711 000100资产11560.0持仓2000 
2020-03-05 12:59:26,712 trade 2019-12-27无交易 
2020-03-05 12:59:26,712 000100资产11220.0持仓2000 
2020-03-05 12:59:26,712 trade sell 2019-12-30 4.46 OK  
2020-03-05 12:59:26,712 000100资产11100.0持仓0 
2020-03-05 12:59:26,712 trade sell 2019-12-31 4.47 store is zero.  
2020-03-05 12:59:26,712 000100资产11100.0持仓0 
2020-03-05 12:59:26,712 trade:  buy 2020-01-02 4.57 OK  
2020-03-05 12:59:26,712 000100资产11100.0持仓2000 
2020-03-05 12:59:26,713 trade:  buy 2020-01-03 4.65 balance is not enough.  
2020-03-05 12:59:26,713 000100资产11260.0持仓2000 
2020-03-05 12:59:26,713 trade:  buy 2020-01-06 4.61 balance is not enough.  
2020-03-05 12:59:26,713 000100资产11180.0持仓2000 
2020-03-05 12:59:26,713 trade 2020-01-07无交易 
2020-03-05 12:59:26,713 000100资产11100.0持仓2000 
2020-03-05 12:59:26,713 trade:  buy 2020-01-08 4.72 balance is not enough.  
2020-03-05 12:59:26,713 000100资产11400.0持仓2000 
2020-03-05 12:59:26,714 trade:  buy 2020-01-09 4.78 balance is not enough.  
2020-03-05 12:59:26,714 000100资产11520.0持仓2000 
2020-03-05 12:59:26,714 trade 2020-01-10无交易 
2020-03-05 12:59:26,714 000100资产11300.0持仓2000 
2020-03-05 12:59:26,714 trade:  buy 2020-01-13 4.77 balance is not enough.  
2020-03-05 12:59:26,714 000100资产11500.0持仓2000 
2020-03-05 12:59:26,714 trade:  buy 2020-01-14 4.87 balance is not enough.  
2020-03-05 12:59:26,714 000100资产11700.0持仓2000 
2020-03-05 12:59:26,715 trade:  buy 2020-01-15 4.84 balance is not enough.  
2020-03-05 12:59:26,715 000100资产11640.0持仓2000 
2020-03-05 12:59:26,715 trade:  buy 2020-01-16 4.91 balance is not enough.  
2020-03-05 12:59:26,715 000100资产11780.0持仓2000 
2020-03-05 12:59:26,715 trade 2020-01-17无交易 
2020-03-05 12:59:26,715 000100资产11680.0持仓2000 
2020-03-05 12:59:26,715 trade:  buy 2020-01-20 5.2 balance is not enough.  
2020-03-05 12:59:26,715 000100资产12360.0持仓2000 
2020-03-05 12:59:26,715 trade:  buy 2020-01-21 5.1 balance is not enough.  
2020-03-05 12:59:26,716 000100资产12160.0持仓2000 
2020-03-05 12:59:26,716 trade:  buy 2020-01-22 5.13 balance is not enough.  
2020-03-05 12:59:26,716 000100资产12220.0持仓2000 
2020-03-05 12:59:26,716 trade 2020-01-23无交易 
2020-03-05 12:59:26,716 000100资产12080.0持仓2000 
2020-03-05 12:59:26,716 trade sell 2020-02-03 4.55 OK  
2020-03-05 12:59:26,716 000100资产11060.0持仓0 
2020-03-05 12:59:26,717 trade sell 2020-02-04 4.92 store is zero.  
2020-03-05 12:59:26,717 000100资产11060.0持仓0 
2020-03-05 12:59:26,717 trade:  buy 2020-02-05 4.98 OK  
2020-03-05 12:59:26,717 000100资产11060.0持仓2000 
2020-03-05 12:59:26,717 trade:  buy 2020-02-06 5.48 balance is not enough.  
2020-03-05 12:59:26,717 000100资产12060.0持仓2000 
2020-03-05 12:59:26,717 trade:  buy 2020-02-07 5.69 balance is not enough.  
2020-03-05 12:59:26,717 000100资产12480.0持仓2000 
2020-03-05 12:59:26,718 trade:  buy 2020-02-10 5.6 balance is not enough.  
2020-03-05 12:59:26,718 000100资产12300.0持仓2000 
2020-03-05 12:59:26,718 trade:  buy 2020-02-11 5.5 balance is not enough.  
2020-03-05 12:59:26,718 000100资产12100.0持仓2000 
2020-03-05 12:59:26,718 trade 2020-02-12无交易 
2020-03-05 12:59:26,718 000100资产12200.0持仓2000 
2020-03-05 12:59:26,718 trade:  buy 2020-02-13 5.68 balance is not enough.  
2020-03-05 12:59:26,718 000100资产12460.0持仓2000 
2020-03-05 12:59:26,719 trade 2020-02-14无交易 
2020-03-05 12:59:26,719 000100资产12220.0持仓2000 
2020-03-05 12:59:26,719 trade:  buy 2020-02-17 5.79 balance is not enough.  
2020-03-05 12:59:26,719 000100资产12680.0持仓2000 
2020-03-05 12:59:26,719 trade:  buy 2020-02-18 6.15 balance is not enough.  
2020-03-05 12:59:26,719 000100资产13400.0持仓2000 
2020-03-05 12:59:26,719 trade:  buy 2020-02-19 6.09 balance is not enough.  
2020-03-05 12:59:26,719 000100资产13280.0持仓2000 
2020-03-05 12:59:26,720 trade:  buy 2020-02-20 6.7 balance is not enough.  
2020-03-05 12:59:26,720 000100资产14500.0持仓2000 
2020-03-05 12:59:26,720 trade:  buy 2020-02-21 6.67 balance is not enough.  
2020-03-05 12:59:26,720 000100资产14440.0持仓2000 
2020-03-05 12:59:26,720 trade:  buy 2020-02-24 7.17 balance is not enough.  
2020-03-05 12:59:26,720 000100资产15440.0持仓2000 
2020-03-05 12:59:26,720 trade:  buy 2020-02-25 7.36 balance is not enough.  
2020-03-05 12:59:26,721 000100资产15820.0持仓2000 
2020-03-05 12:59:26,721 trade sell 2020-02-26 6.65 OK  
2020-03-05 12:59:26,721 000100资产14400.0持仓0 
2020-03-05 12:59:26,721 trade sell 2020-02-27 6.44 store is zero.  
2020-03-05 12:59:26,722 000100资产14400.0持仓0 
2020-03-05 12:59:26,722 trade sell 2020-02-28 5.88 store is zero.  
2020-03-05 12:59:26,722 000100资产14400.0持仓0 
2020-03-05 12:59:26,722 trade sell 2020-03-02 6.36 store is zero.  
2020-03-05 12:59:26,722 000100资产14400.0持仓0 
2020-03-05 12:59:26,722 trade:  buy 2020-03-03 6.4 OK  
2020-03-05 12:59:26,723 000100资产14400.0持仓2000 
2020-03-05 12:59:26,723 trade sell 2020-03-04 6.2 OK  
2020-03-05 12:59:26,723 000100资产14000.0持仓0 
