2020-03-09 16:20:23,555 trade3.8.2 (v3.8.2:7b3ab5921f, Feb 24 2020, 17:52:18) 
[Clang 6.0 (clang-600.0.57)] 
2020-03-09 16:20:23,679 trade 2019-10-18无交易 
2020-03-09 16:20:23,679 515050资产10000.0持仓0 
2020-03-09 16:20:23,680 trade 2019-10-21无交易 
2020-03-09 16:20:23,680 515050资产10000.0持仓0 
2020-03-09 16:20:23,680 trade 2019-10-22无交易 
2020-03-09 16:20:23,680 515050资产10000.0持仓0 
2020-03-09 16:20:23,680 trade 2019-10-23无交易 
2020-03-09 16:20:23,680 515050资产10000.0持仓0 
2020-03-09 16:20:23,680 trade 2019-10-24无交易 
2020-03-09 16:20:23,680 515050资产10000.0持仓0 
2020-03-09 16:20:23,680 trade 2019-10-25无交易 
2020-03-09 16:20:23,680 515050资产10000.0持仓0 
2020-03-09 16:20:23,680 trade 2019-10-28无交易 
2020-03-09 16:20:23,680 515050资产10000.0持仓0 
2020-03-09 16:20:23,680 trade 2019-10-29无交易 
2020-03-09 16:20:23,680 515050资产10000.0持仓0 
2020-03-09 16:20:23,680 trade 2019-10-30无交易 
2020-03-09 16:20:23,680 515050资产10000.0持仓0 
2020-03-09 16:20:23,680 trade 2019-10-31无交易 
2020-03-09 16:20:23,680 515050资产10000.0持仓0 
2020-03-09 16:20:23,680 trade 2019-11-01无交易 
2020-03-09 16:20:23,680 515050资产10000.0持仓0 
2020-03-09 16:20:23,680 trade 2019-11-04无交易 
2020-03-09 16:20:23,680 515050资产10000.0持仓0 
2020-03-09 16:20:23,681 trade 2019-11-05无交易 
2020-03-09 16:20:23,681 515050资产10000.0持仓0 
2020-03-09 16:20:23,681 trade 2019-11-06无交易 
2020-03-09 16:20:23,681 515050资产10000.0持仓0 
2020-03-09 16:20:23,681 trade 2019-11-07无交易 
2020-03-09 16:20:23,681 515050资产10000.0持仓0 
2020-03-09 16:20:23,681 trade 2019-11-08无交易 
2020-03-09 16:20:23,681 515050资产10000.0持仓0 
2020-03-09 16:20:23,681 trade 2019-11-11无交易 
2020-03-09 16:20:23,681 515050资产10000.0持仓0 
2020-03-09 16:20:23,681 trade 2019-11-12无交易 
2020-03-09 16:20:23,681 515050资产10000.0持仓0 
2020-03-09 16:20:23,681 trade 2019-11-13无交易 
2020-03-09 16:20:23,681 515050资产10000.0持仓0 
2020-03-09 16:20:23,681 trade 2019-11-14无交易 
2020-03-09 16:20:23,681 515050资产10000.0持仓0 
2020-03-09 16:20:23,681 trade 2019-11-15无交易 
2020-03-09 16:20:23,681 515050资产10000.0持仓0 
2020-03-09 16:20:23,682 trade 2019-11-18无交易 
2020-03-09 16:20:23,682 515050资产10000.0持仓0 
2020-03-09 16:20:23,682 trade 2019-11-19无交易 
2020-03-09 16:20:23,682 515050资产10000.0持仓0 
2020-03-09 16:20:23,682 trade 2019-11-20无交易 
2020-03-09 16:20:23,682 515050资产10000.0持仓0 
2020-03-09 16:20:23,682 trade 2019-11-21无交易 
2020-03-09 16:20:23,682 515050资产10000.0持仓0 
2020-03-09 16:20:23,682 trade 2019-11-22无交易 
2020-03-09 16:20:23,682 515050资产10000.0持仓0 
2020-03-09 16:20:23,682 trade 2019-11-25无交易 
2020-03-09 16:20:23,682 515050资产10000.0持仓0 
2020-03-09 16:20:23,682 trade 2019-11-26无交易 
2020-03-09 16:20:23,682 515050资产10000.0持仓0 
2020-03-09 16:20:23,682 trade 2019-11-27无交易 
2020-03-09 16:20:23,682 515050资产10000.0持仓0 
2020-03-09 16:20:23,682 trade 2019-11-28无交易 
2020-03-09 16:20:23,683 515050资产10000.0持仓0 
2020-03-09 16:20:23,683 trade 2019-11-29无交易 
2020-03-09 16:20:23,683 515050资产10000.0持仓0 
2020-03-09 16:20:23,683 trade sell 2019-12-02 0.95 store is zero.  
2020-03-09 16:20:23,683 515050资产10000.0持仓0 
2020-03-09 16:20:23,683 trade sell 2019-12-03 0.96 store is zero.  
2020-03-09 16:20:23,683 515050资产10000.0持仓0 
2020-03-09 16:20:23,683 trade sell 2019-12-04 0.96 store is zero.  
2020-03-09 16:20:23,683 515050资产10000.0持仓0 
2020-03-09 16:20:23,683 trade sell 2019-12-05 0.98 store is zero.  
2020-03-09 16:20:23,683 515050资产10000.0持仓0 
2020-03-09 16:20:23,683 trade sell 2019-12-06 0.99 store is zero.  
2020-03-09 16:20:23,683 515050资产10000.0持仓0 
2020-03-09 16:20:23,683 trade sell 2019-12-09 0.99 store is zero.  
2020-03-09 16:20:23,683 515050资产10000.0持仓0 
2020-03-09 16:20:23,683 trade:  buy 2019-12-10 1.0 OK  
2020-03-09 16:20:23,683 515050资产10000.0持仓200 
2020-03-09 16:20:23,683 trade sell 2019-12-11 0.99 OK  
2020-03-09 16:20:23,683 515050资产9998.0持仓0 
2020-03-09 16:20:23,683 trade:  buy 2019-12-12 1.0 OK  
2020-03-09 16:20:23,683 515050资产9998.0持仓200 
2020-03-09 16:20:23,683 trade:  buy 2019-12-13 1.0 OK  
2020-03-09 16:20:23,683 515050资产9998.0持仓400 
2020-03-09 16:20:23,684 trade:  buy 2019-12-16 1.03 OK  
2020-03-09 16:20:23,684 515050资产10010.0持仓600 
2020-03-09 16:20:23,684 trade 2019-12-17无交易 
2020-03-09 16:20:23,684 515050资产10016.0持仓600 
2020-03-09 16:20:23,684 trade 2019-12-18无交易 
2020-03-09 16:20:23,684 515050资产10010.0持仓600 
2020-03-09 16:20:23,684 trade 2019-12-19无交易 
2020-03-09 16:20:23,684 515050资产10004.0持仓600 
2020-03-09 16:20:23,684 trade:  buy 2019-12-20 1.01 OK  
2020-03-09 16:20:23,684 515050资产9998.0持仓800 
2020-03-09 16:20:23,684 trade:  buy 2019-12-23 0.97 OK  
2020-03-09 16:20:23,684 515050资产9966.0持仓1000 
2020-03-09 16:20:23,684 trade sell 2019-12-24 0.99 OK  
2020-03-09 16:20:23,684 515050资产9986.0持仓0 
2020-03-09 16:20:23,684 trade sell 2019-12-25 1.01 store is zero.  
2020-03-09 16:20:23,684 515050资产9986.0持仓0 
2020-03-09 16:20:23,684 trade sell 2019-12-26 1.01 store is zero.  
2020-03-09 16:20:23,684 515050资产9986.0持仓0 
2020-03-09 16:20:23,684 trade sell 2019-12-27 0.98 store is zero.  
2020-03-09 16:20:23,684 515050资产9986.0持仓0 
2020-03-09 16:20:23,684 trade sell 2019-12-30 0.99 store is zero.  
2020-03-09 16:20:23,684 515050资产9986.0持仓0 
2020-03-09 16:20:23,684 trade sell 2019-12-31 1.0 store is zero.  
2020-03-09 16:20:23,684 515050资产9986.0持仓0 
2020-03-09 16:20:23,685 trade sell 2020-01-02 1.02 store is zero.  
2020-03-09 16:20:23,685 515050资产9986.0持仓0 
2020-03-09 16:20:23,685 trade sell 2020-01-03 1.03 store is zero.  
2020-03-09 16:20:23,685 515050资产9986.0持仓0 
2020-03-09 16:20:23,685 trade:  buy 2020-01-06 1.04 OK  
2020-03-09 16:20:23,685 515050资产9986.0持仓200 
2020-03-09 16:20:23,685 trade:  buy 2020-01-07 1.04 OK  
2020-03-09 16:20:23,685 515050资产9986.0持仓400 
2020-03-09 16:20:23,685 trade:  buy 2020-01-08 1.01 OK  
2020-03-09 16:20:23,685 515050资产9974.0持仓600 
2020-03-09 16:20:23,685 trade:  buy 2020-01-09 1.05 OK  
2020-03-09 16:20:23,685 515050资产9998.0持仓800 
2020-03-09 16:20:23,685 trade:  buy 2020-01-10 1.06 OK  
2020-03-09 16:20:23,685 515050资产10006.0持仓1000 
2020-03-09 16:20:23,685 trade 2020-01-13无交易 
2020-03-09 16:20:23,685 515050资产10036.0持仓1000 
2020-03-09 16:20:23,685 trade 2020-01-14无交易 
2020-03-09 16:20:23,685 515050资产10026.0持仓1000 
2020-03-09 16:20:23,685 trade 2020-01-15无交易 
2020-03-09 16:20:23,685 515050资产10036.0持仓1000 
2020-03-09 16:20:23,685 trade 2020-01-16无交易 
2020-03-09 16:20:23,685 515050资产10036.0持仓1000 
2020-03-09 16:20:23,685 trade 2020-01-17无交易 
2020-03-09 16:20:23,685 515050资产10036.0持仓1000 
2020-03-09 16:20:23,686 trade 2020-01-20无交易 
2020-03-09 16:20:23,686 515050资产10076.0持仓1000 
2020-03-09 16:20:23,686 trade 2020-01-21无交易 
2020-03-09 16:20:23,686 515050资产10066.0持仓1000 
2020-03-09 16:20:23,686 trade 2020-01-22无交易 
2020-03-09 16:20:23,686 515050资产10106.0持仓1000 
2020-03-09 16:20:23,686 trade 2020-01-23无交易 
2020-03-09 16:20:23,686 515050资产10066.0持仓1000 
2020-03-09 16:20:23,686 trade:  buy 2020-02-03 1.01 OK  
2020-03-09 16:20:23,686 515050资产9956.0持仓1200 
2020-03-09 16:20:23,686 trade:  buy 2020-02-04 1.04 OK  
2020-03-09 16:20:23,686 515050资产9992.0持仓1400 
2020-03-09 16:20:23,686 trade:  buy 2020-02-05 1.04 OK  
2020-03-09 16:20:23,686 515050资产9992.0持仓1600 
2020-03-09 16:20:23,686 trade:  buy 2020-02-06 1.06 OK  
2020-03-09 16:20:23,686 515050资产10024.0持仓1800 
2020-03-09 16:20:23,686 trade:  buy 2020-02-07 1.08 OK  
2020-03-09 16:20:23,686 515050资产10060.0持仓2000 
2020-03-09 16:20:23,686 trade:  buy 2020-02-10 1.08 OK  
2020-03-09 16:20:23,687 515050资产10060.0持仓2200 
2020-03-09 16:20:23,687 trade:  buy 2020-02-11 1.1 OK  
2020-03-09 16:20:23,687 515050资产10104.0持仓2400 
2020-03-09 16:20:23,687 trade:  buy 2020-02-12 1.12 OK  
2020-03-09 16:20:23,687 515050资产10152.0持仓2600 
2020-03-09 16:20:23,687 trade:  buy 2020-02-13 1.12 OK  
2020-03-09 16:20:23,687 515050资产10152.0持仓2800 
2020-03-09 16:20:23,687 trade:  buy 2020-02-14 1.13 OK  
2020-03-09 16:20:23,687 515050资产10180.0持仓3000 
2020-03-09 16:20:23,687 trade 2020-02-17无交易 
2020-03-09 16:20:23,687 515050资产10360.0持仓3000 
2020-03-09 16:20:23,687 trade 2020-02-18无交易 
2020-03-09 16:20:23,687 515050资产10420.0持仓3000 
2020-03-09 16:20:23,687 trade 2020-02-19无交易 
2020-03-09 16:20:23,687 515050资产10390.0持仓3000 
2020-03-09 16:20:23,687 trade 2020-02-20无交易 
2020-03-09 16:20:23,687 515050资产10540.0持仓3000 
2020-03-09 16:20:23,687 trade 2020-02-21无交易 
2020-03-09 16:20:23,687 515050资产10660.0持仓3000 
2020-03-09 16:20:23,687 trade 2020-02-24无交易 
2020-03-09 16:20:23,688 515050资产10960.0持仓3000 
2020-03-09 16:20:23,688 trade 2020-02-25无交易 
2020-03-09 16:20:23,688 515050资产11050.0持仓3000 
2020-03-09 16:20:23,688 trade 2020-02-26无交易 
2020-03-09 16:20:23,688 515050资产10750.0持仓3000 
2020-03-09 16:20:23,688 trade 2020-02-27无交易 
2020-03-09 16:20:23,688 515050资产10690.0持仓3000 
2020-03-09 16:20:23,688 trade 2020-02-28无交易 
2020-03-09 16:20:23,688 515050资产10480.0持仓3000 
2020-03-09 16:20:23,688 trade 2020-03-02无交易 
2020-03-09 16:20:23,688 515050资产10690.0持仓3000 
2020-03-09 16:20:23,688 trade:  buy 2020-03-03 1.28 OK  
2020-03-09 16:20:23,688 515050资产10630.0持仓3200 
2020-03-09 16:20:23,688 trade:  buy 2020-03-04 1.25 OK  
2020-03-09 16:20:23,688 515050资产10534.0持仓3400 
2020-03-09 16:20:23,688 trade:  buy 2020-03-05 1.25 OK  
2020-03-09 16:20:23,688 515050资产10534.0持仓3600 
2020-03-09 16:20:23,688 trade:  buy 2020-03-06 1.23 OK  
2020-03-09 16:20:23,688 515050资产10462.0持仓3800 
2020-03-09 16:20:23,688 trade:  buy 2020-03-09 1.17 OK  
2020-03-09 16:20:23,688 515050资产10234.0持仓4000 
